{"C:\\Users\\samsc\\OneDrive\\Desktop\\working protoype\\server\\db.js":{"path":"C:\\Users\\samsc\\OneDrive\\Desktop\\working protoype\\server\\db.js","statementMap":{"0":{"start":{"line":1,"column":13},"end":{"line":1,"column":28}},"1":{"start":{"line":2,"column":11},"end":{"line":2,"column":24}},"2":{"start":{"line":3,"column":17},"end":{"line":3,"column":42}},"3":{"start":{"line":7,"column":0},"end":{"line":26,"column":1}},"4":{"start":{"line":8,"column":18},"end":{"line":8,"column":68}},"5":{"start":{"line":9,"column":2},"end":{"line":11,"column":3}},"6":{"start":{"line":10,"column":4},"end":{"line":10,"column":61}},"7":{"start":{"line":13,"column":2},"end":{"line":13,"column":29}},"8":{"start":{"line":16,"column":2},"end":{"line":16,"column":34}},"9":{"start":{"line":18,"column":2},"end":{"line":18,"column":35}},"10":{"start":{"line":20,"column":2},"end":{"line":20,"column":48}},"11":{"start":{"line":22,"column":2},"end":{"line":22,"column":60}},"12":{"start":{"line":23,"column":2},"end":{"line":23,"column":35}},"13":{"start":{"line":24,"column":2},"end":{"line":24,"column":101}},"14":{"start":{"line":25,"column":2},"end":{"line":25,"column":18}},"15":{"start":{"line":29,"column":0},"end":{"line":193,"column":1}},"16":{"start":{"line":31,"column":2},"end":{"line":37,"column":6}},"17":{"start":{"line":40,"column":20},"end":{"line":40,"column":68}},"18":{"start":{"line":41,"column":22},"end":{"line":41,"column":64}},"19":{"start":{"line":41,"column":42},"end":{"line":41,"column":63}},"20":{"start":{"line":42,"column":2},"end":{"line":44,"column":3}},"21":{"start":{"line":43,"column":4},"end":{"line":43,"column":75}},"22":{"start":{"line":47,"column":2},"end":{"line":56,"column":6}},"23":{"start":{"line":59,"column":25},"end":{"line":59,"column":76}},"24":{"start":{"line":60,"column":26},"end":{"line":60,"column":101}},"25":{"start":{"line":60,"column":51},"end":{"line":60,"column":100}},"26":{"start":{"line":61,"column":23},"end":{"line":61,"column":90}},"27":{"start":{"line":61,"column":48},"end":{"line":61,"column":89}},"28":{"start":{"line":63,"column":2},"end":{"line":96,"column":3}},"29":{"start":{"line":64,"column":4},"end":{"line":64,"column":78}},"30":{"start":{"line":66,"column":4},"end":{"line":66,"column":70}},"31":{"start":{"line":67,"column":4},"end":{"line":76,"column":8}},"32":{"start":{"line":78,"column":4},"end":{"line":80,"column":33}},"33":{"start":{"line":82,"column":4},"end":{"line":82,"column":46}},"34":{"start":{"line":83,"column":4},"end":{"line":83,"column":39}},"35":{"start":{"line":84,"column":9},"end":{"line":96,"column":3}},"36":{"start":{"line":86,"column":4},"end":{"line":95,"column":8}},"37":{"start":{"line":99,"column":15},"end":{"line":99,"column":143}},"38":{"start":{"line":100,"column":2},"end":{"line":100,"column":13}},"39":{"start":{"line":103,"column":2},"end":{"line":154,"column":6}},"40":{"start":{"line":157,"column":23},"end":{"line":157,"column":79}},"41":{"start":{"line":158,"column":18},"end":{"line":158,"column":59}},"42":{"start":{"line":158,"column":41},"end":{"line":158,"column":58}},"43":{"start":{"line":159,"column":30},"end":{"line":159,"column":84}},"44":{"start":{"line":159,"column":53},"end":{"line":159,"column":83}},"45":{"start":{"line":160,"column":2},"end":{"line":162,"column":3}},"46":{"start":{"line":161,"column":4},"end":{"line":161,"column":114}},"47":{"start":{"line":161,"column":10},"end":{"line":161,"column":85}},"48":{"start":{"line":163,"column":2},"end":{"line":165,"column":3}},"49":{"start":{"line":164,"column":4},"end":{"line":164,"column":114}},"50":{"start":{"line":164,"column":10},"end":{"line":164,"column":85}},"51":{"start":{"line":168,"column":23},"end":{"line":168,"column":70}},"52":{"start":{"line":168,"column":46},"end":{"line":168,"column":69}},"53":{"start":{"line":169,"column":24},"end":{"line":169,"column":72}},"54":{"start":{"line":169,"column":47},"end":{"line":169,"column":71}},"55":{"start":{"line":170,"column":24},"end":{"line":170,"column":72}},"56":{"start":{"line":170,"column":47},"end":{"line":170,"column":71}},"57":{"start":{"line":171,"column":2},"end":{"line":173,"column":3}},"58":{"start":{"line":172,"column":4},"end":{"line":172,"column":107}},"59":{"start":{"line":172,"column":10},"end":{"line":172,"column":78}},"60":{"start":{"line":174,"column":2},"end":{"line":176,"column":3}},"61":{"start":{"line":175,"column":4},"end":{"line":175,"column":121}},"62":{"start":{"line":175,"column":10},"end":{"line":175,"column":92}},"63":{"start":{"line":177,"column":2},"end":{"line":179,"column":3}},"64":{"start":{"line":178,"column":4},"end":{"line":178,"column":108}},"65":{"start":{"line":178,"column":10},"end":{"line":178,"column":79}},"66":{"start":{"line":182,"column":2},"end":{"line":182,"column":97}},"67":{"start":{"line":183,"column":2},"end":{"line":183,"column":98}},"68":{"start":{"line":184,"column":2},"end":{"line":184,"column":108}},"69":{"start":{"line":185,"column":2},"end":{"line":185,"column":95}},"70":{"start":{"line":187,"column":2},"end":{"line":187,"column":33}},"71":{"start":{"line":189,"column":2},"end":{"line":189,"column":68}},"72":{"start":{"line":190,"column":2},"end":{"line":190,"column":35}},"73":{"start":{"line":191,"column":2},"end":{"line":191,"column":109}},"74":{"start":{"line":192,"column":2},"end":{"line":192,"column":18}},"75":{"start":{"line":196,"column":0},"end":{"line":198,"column":1}},"76":{"start":{"line":197,"column":2},"end":{"line":197,"column":76}},"77":{"start":{"line":201,"column":14},"end":{"line":201,"column":126}},"78":{"start":{"line":202,"column":2},"end":{"line":202,"column":24}},"79":{"start":{"line":202,"column":12},"end":{"line":202,"column":24}},"80":{"start":{"line":203,"column":2},"end":{"line":209,"column":4}},"81":{"start":{"line":213,"column":22},"end":{"line":213,"column":76}},"82":{"start":{"line":215,"column":2},"end":{"line":216,"column":111}},"83":{"start":{"line":229,"column":15},"end":{"line":235,"column":4}},"84":{"start":{"line":237,"column":2},"end":{"line":257,"column":4}},"85":{"start":{"line":268,"column":17},"end":{"line":268,"column":37}},"86":{"start":{"line":269,"column":17},"end":{"line":269,"column":39}},"87":{"start":{"line":271,"column":2},"end":{"line":275,"column":3}},"88":{"start":{"line":273,"column":17},"end":{"line":273,"column":87}},"89":{"start":{"line":274,"column":4},"end":{"line":274,"column":35}},"90":{"start":{"line":277,"column":20},"end":{"line":277,"column":58}},"91":{"start":{"line":277,"column":36},"end":{"line":277,"column":46}},"92":{"start":{"line":278,"column":15},"end":{"line":282,"column":4}},"93":{"start":{"line":284,"column":2},"end":{"line":284,"column":44}},"94":{"start":{"line":293,"column":14},"end":{"line":293,"column":87}},"95":{"start":{"line":294,"column":2},"end":{"line":294,"column":24}},"96":{"start":{"line":294,"column":12},"end":{"line":294,"column":24}},"97":{"start":{"line":296,"column":2},"end":{"line":298,"column":3}},"98":{"start":{"line":297,"column":4},"end":{"line":297,"column":42}},"99":{"start":{"line":299,"column":2},"end":{"line":299,"column":13}},"100":{"start":{"line":308,"column":14},"end":{"line":308,"column":57}},"101":{"start":{"line":309,"column":17},"end":{"line":309,"column":19}},"102":{"start":{"line":311,"column":2},"end":{"line":314,"column":3}},"103":{"start":{"line":312,"column":4},"end":{"line":312,"column":32}},"104":{"start":{"line":313,"column":4},"end":{"line":313,"column":32}},"105":{"start":{"line":316,"column":2},"end":{"line":319,"column":3}},"106":{"start":{"line":317,"column":4},"end":{"line":317,"column":31}},"107":{"start":{"line":318,"column":4},"end":{"line":318,"column":32}},"108":{"start":{"line":321,"column":2},"end":{"line":321,"column":39}},"109":{"start":{"line":323,"column":2},"end":{"line":331,"column":3}},"110":{"start":{"line":324,"column":4},"end":{"line":324,"column":24}},"111":{"start":{"line":325,"column":4},"end":{"line":325,"column":31}},"112":{"start":{"line":327,"column":4},"end":{"line":330,"column":5}},"113":{"start":{"line":328,"column":6},"end":{"line":328,"column":27}},"114":{"start":{"line":329,"column":6},"end":{"line":329,"column":34}},"115":{"start":{"line":333,"column":15},"end":{"line":333,"column":47}},"116":{"start":{"line":335,"column":2},"end":{"line":340,"column":5}},"117":{"start":{"line":336,"column":4},"end":{"line":338,"column":5}},"118":{"start":{"line":337,"column":6},"end":{"line":337,"column":40}},"119":{"start":{"line":339,"column":4},"end":{"line":339,"column":13}},"120":{"start":{"line":350,"column":2},"end":{"line":350,"column":98}},"121":{"start":{"line":353,"column":0},"end":{"line":362,"column":2}}},"fnMap":{"0":{"name":"(anonymous_0)","decl":{"start":{"line":41,"column":37},"end":{"line":41,"column":38}},"loc":{"start":{"line":41,"column":42},"end":{"line":41,"column":63}},"line":41},"1":{"name":"(anonymous_1)","decl":{"start":{"line":60,"column":46},"end":{"line":60,"column":47}},"loc":{"start":{"line":60,"column":51},"end":{"line":60,"column":100}},"line":60},"2":{"name":"(anonymous_2)","decl":{"start":{"line":61,"column":43},"end":{"line":61,"column":44}},"loc":{"start":{"line":61,"column":48},"end":{"line":61,"column":89}},"line":61},"3":{"name":"(anonymous_3)","decl":{"start":{"line":158,"column":36},"end":{"line":158,"column":37}},"loc":{"start":{"line":158,"column":41},"end":{"line":158,"column":58}},"line":158},"4":{"name":"(anonymous_4)","decl":{"start":{"line":159,"column":48},"end":{"line":159,"column":49}},"loc":{"start":{"line":159,"column":53},"end":{"line":159,"column":83}},"line":159},"5":{"name":"(anonymous_5)","decl":{"start":{"line":168,"column":41},"end":{"line":168,"column":42}},"loc":{"start":{"line":168,"column":46},"end":{"line":168,"column":69}},"line":168},"6":{"name":"(anonymous_6)","decl":{"start":{"line":169,"column":42},"end":{"line":169,"column":43}},"loc":{"start":{"line":169,"column":47},"end":{"line":169,"column":71}},"line":169},"7":{"name":"(anonymous_7)","decl":{"start":{"line":170,"column":42},"end":{"line":170,"column":43}},"loc":{"start":{"line":170,"column":47},"end":{"line":170,"column":71}},"line":170},"8":{"name":"getState","decl":{"start":{"line":200,"column":9},"end":{"line":200,"column":17}},"loc":{"start":{"line":200,"column":20},"end":{"line":210,"column":1}},"line":200},"9":{"name":"saveState","decl":{"start":{"line":212,"column":9},"end":{"line":212,"column":18}},"loc":{"start":{"line":212,"column":26},"end":{"line":217,"column":1}},"line":212},"10":{"name":"createJob","decl":{"start":{"line":228,"column":9},"end":{"line":228,"column":18}},"loc":{"start":{"line":228,"column":28},"end":{"line":258,"column":1}},"line":228},"11":{"name":"updateJobStatus","decl":{"start":{"line":267,"column":9},"end":{"line":267,"column":24}},"loc":{"start":{"line":267,"column":54},"end":{"line":285,"column":1}},"line":267},"12":{"name":"(anonymous_12)","decl":{"start":{"line":277,"column":31},"end":{"line":277,"column":32}},"loc":{"start":{"line":277,"column":36},"end":{"line":277,"column":46}},"line":277},"13":{"name":"getJob","decl":{"start":{"line":292,"column":9},"end":{"line":292,"column":15}},"loc":{"start":{"line":292,"column":23},"end":{"line":300,"column":1}},"line":292},"14":{"name":"getAllJobs","decl":{"start":{"line":307,"column":9},"end":{"line":307,"column":19}},"loc":{"start":{"line":307,"column":34},"end":{"line":341,"column":1}},"line":307},"15":{"name":"(anonymous_15)","decl":{"start":{"line":335,"column":18},"end":{"line":335,"column":19}},"loc":{"start":{"line":335,"column":23},"end":{"line":340,"column":3}},"line":335},"16":{"name":"deleteJob","decl":{"start":{"line":348,"column":9},"end":{"line":348,"column":18}},"loc":{"start":{"line":348,"column":26},"end":{"line":351,"column":1}},"line":348}},"branchMap":{"0":{"loc":{"start":{"line":9,"column":2},"end":{"line":11,"column":3}},"type":"if","locations":[{"start":{"line":9,"column":2},"end":{"line":11,"column":3}},{"start":{},"end":{}}],"line":9},"1":{"loc":{"start":{"line":42,"column":2},"end":{"line":44,"column":3}},"type":"if","locations":[{"start":{"line":42,"column":2},"end":{"line":44,"column":3}},{"start":{},"end":{}}],"line":42},"2":{"loc":{"start":{"line":60,"column":51},"end":{"line":60,"column":100}},"type":"binary-expr","locations":[{"start":{"line":60,"column":51},"end":{"line":60,"column":74}},{"start":{"line":60,"column":78},"end":{"line":60,"column":100}}],"line":60},"3":{"loc":{"start":{"line":61,"column":48},"end":{"line":61,"column":89}},"type":"binary-expr","locations":[{"start":{"line":61,"column":48},"end":{"line":61,"column":63}},{"start":{"line":61,"column":67},"end":{"line":61,"column":89}}],"line":61},"4":{"loc":{"start":{"line":63,"column":2},"end":{"line":96,"column":3}},"type":"if","locations":[{"start":{"line":63,"column":2},"end":{"line":96,"column":3}},{"start":{"line":84,"column":9},"end":{"line":96,"column":3}}],"line":63},"5":{"loc":{"start":{"line":63,"column":6},"end":{"line":63,"column":38}},"type":"binary-expr","locations":[{"start":{"line":63,"column":6},"end":{"line":63,"column":21}},{"start":{"line":63,"column":25},"end":{"line":63,"column":38}}],"line":63},"6":{"loc":{"start":{"line":84,"column":9},"end":{"line":96,"column":3}},"type":"if","locations":[{"start":{"line":84,"column":9},"end":{"line":96,"column":3}},{"start":{},"end":{}}],"line":84},"7":{"loc":{"start":{"line":160,"column":2},"end":{"line":162,"column":3}},"type":"if","locations":[{"start":{"line":160,"column":2},"end":{"line":162,"column":3}},{"start":{},"end":{}}],"line":160},"8":{"loc":{"start":{"line":163,"column":2},"end":{"line":165,"column":3}},"type":"if","locations":[{"start":{"line":163,"column":2},"end":{"line":165,"column":3}},{"start":{},"end":{}}],"line":163},"9":{"loc":{"start":{"line":171,"column":2},"end":{"line":173,"column":3}},"type":"if","locations":[{"start":{"line":171,"column":2},"end":{"line":173,"column":3}},{"start":{},"end":{}}],"line":171},"10":{"loc":{"start":{"line":174,"column":2},"end":{"line":176,"column":3}},"type":"if","locations":[{"start":{"line":174,"column":2},"end":{"line":176,"column":3}},{"start":{},"end":{}}],"line":174},"11":{"loc":{"start":{"line":177,"column":2},"end":{"line":179,"column":3}},"type":"if","locations":[{"start":{"line":177,"column":2},"end":{"line":179,"column":3}},{"start":{},"end":{}}],"line":177},"12":{"loc":{"start":{"line":196,"column":0},"end":{"line":198,"column":1}},"type":"if","locations":[{"start":{"line":196,"column":0},"end":{"line":198,"column":1}},{"start":{},"end":{}}],"line":196},"13":{"loc":{"start":{"line":202,"column":2},"end":{"line":202,"column":24}},"type":"if","locations":[{"start":{"line":202,"column":2},"end":{"line":202,"column":24}},{"start":{},"end":{}}],"line":202},"14":{"loc":{"start":{"line":205,"column":14},"end":{"line":205,"column":60}},"type":"cond-expr","locations":[{"start":{"line":205,"column":29},"end":{"line":205,"column":53}},{"start":{"line":205,"column":56},"end":{"line":205,"column":60}}],"line":205},"15":{"loc":{"start":{"line":213,"column":22},"end":{"line":213,"column":76}},"type":"cond-expr","locations":[{"start":{"line":213,"column":39},"end":{"line":213,"column":69}},{"start":{"line":213,"column":72},"end":{"line":213,"column":76}}],"line":213},"16":{"loc":{"start":{"line":216,"column":59},"end":{"line":216,"column":85}},"type":"cond-expr","locations":[{"start":{"line":216,"column":80},"end":{"line":216,"column":81}},{"start":{"line":216,"column":84},"end":{"line":216,"column":85}}],"line":216},"17":{"loc":{"start":{"line":216,"column":87},"end":{"line":216,"column":109}},"type":"cond-expr","locations":[{"start":{"line":216,"column":104},"end":{"line":216,"column":105}},{"start":{"line":216,"column":108},"end":{"line":216,"column":109}}],"line":216},"18":{"loc":{"start":{"line":239,"column":4},"end":{"line":239,"column":26}},"type":"binary-expr","locations":[{"start":{"line":239,"column":4},"end":{"line":239,"column":18}},{"start":{"line":239,"column":22},"end":{"line":239,"column":26}}],"line":239},"19":{"loc":{"start":{"line":240,"column":4},"end":{"line":240,"column":28}},"type":"binary-expr","locations":[{"start":{"line":240,"column":4},"end":{"line":240,"column":20}},{"start":{"line":240,"column":24},"end":{"line":240,"column":28}}],"line":240},"20":{"loc":{"start":{"line":242,"column":4},"end":{"line":242,"column":34}},"type":"binary-expr","locations":[{"start":{"line":242,"column":4},"end":{"line":242,"column":26}},{"start":{"line":242,"column":30},"end":{"line":242,"column":34}}],"line":242},"21":{"loc":{"start":{"line":243,"column":4},"end":{"line":243,"column":35}},"type":"binary-expr","locations":[{"start":{"line":243,"column":4},"end":{"line":243,"column":24}},{"start":{"line":243,"column":28},"end":{"line":243,"column":35}}],"line":243},"22":{"loc":{"start":{"line":244,"column":4},"end":{"line":244,"column":32}},"type":"binary-expr","locations":[{"start":{"line":244,"column":4},"end":{"line":244,"column":24}},{"start":{"line":244,"column":28},"end":{"line":244,"column":32}}],"line":244},"23":{"loc":{"start":{"line":245,"column":4},"end":{"line":245,"column":24}},"type":"binary-expr","locations":[{"start":{"line":245,"column":4},"end":{"line":245,"column":16}},{"start":{"line":245,"column":20},"end":{"line":245,"column":24}}],"line":245},"24":{"loc":{"start":{"line":246,"column":4},"end":{"line":246,"column":25}},"type":"binary-expr","locations":[{"start":{"line":246,"column":4},"end":{"line":246,"column":17}},{"start":{"line":246,"column":21},"end":{"line":246,"column":25}}],"line":246},"25":{"loc":{"start":{"line":247,"column":4},"end":{"line":247,"column":28}},"type":"binary-expr","locations":[{"start":{"line":247,"column":4},"end":{"line":247,"column":20}},{"start":{"line":247,"column":24},"end":{"line":247,"column":28}}],"line":247},"26":{"loc":{"start":{"line":248,"column":4},"end":{"line":248,"column":25}},"type":"binary-expr","locations":[{"start":{"line":248,"column":4},"end":{"line":248,"column":17}},{"start":{"line":248,"column":21},"end":{"line":248,"column":25}}],"line":248},"27":{"loc":{"start":{"line":249,"column":4},"end":{"line":249,"column":26}},"type":"binary-expr","locations":[{"start":{"line":249,"column":4},"end":{"line":249,"column":18}},{"start":{"line":249,"column":22},"end":{"line":249,"column":26}}],"line":249},"28":{"loc":{"start":{"line":250,"column":4},"end":{"line":250,"column":27}},"type":"binary-expr","locations":[{"start":{"line":250,"column":4},"end":{"line":250,"column":19}},{"start":{"line":250,"column":23},"end":{"line":250,"column":27}}],"line":250},"29":{"loc":{"start":{"line":251,"column":4},"end":{"line":251,"column":30}},"type":"binary-expr","locations":[{"start":{"line":251,"column":4},"end":{"line":251,"column":22}},{"start":{"line":251,"column":26},"end":{"line":251,"column":30}}],"line":251},"30":{"loc":{"start":{"line":252,"column":4},"end":{"line":252,"column":30}},"type":"binary-expr","locations":[{"start":{"line":252,"column":4},"end":{"line":252,"column":22}},{"start":{"line":252,"column":26},"end":{"line":252,"column":30}}],"line":252},"31":{"loc":{"start":{"line":253,"column":4},"end":{"line":253,"column":23}},"type":"binary-expr","locations":[{"start":{"line":253,"column":4},"end":{"line":253,"column":15}},{"start":{"line":253,"column":19},"end":{"line":253,"column":23}}],"line":253},"32":{"loc":{"start":{"line":255,"column":4},"end":{"line":255,"column":24}},"type":"cond-expr","locations":[{"start":{"line":255,"column":19},"end":{"line":255,"column":20}},{"start":{"line":255,"column":23},"end":{"line":255,"column":24}}],"line":255},"33":{"loc":{"start":{"line":256,"column":4},"end":{"line":256,"column":36}},"type":"binary-expr","locations":[{"start":{"line":256,"column":4},"end":{"line":256,"column":28}},{"start":{"line":256,"column":32},"end":{"line":256,"column":36}}],"line":256},"34":{"loc":{"start":{"line":267,"column":40},"end":{"line":267,"column":52}},"type":"default-arg","locations":[{"start":{"line":267,"column":50},"end":{"line":267,"column":52}}],"line":267},"35":{"loc":{"start":{"line":271,"column":2},"end":{"line":275,"column":3}},"type":"if","locations":[{"start":{"line":271,"column":2},"end":{"line":275,"column":3}},{"start":{},"end":{}}],"line":271},"36":{"loc":{"start":{"line":294,"column":2},"end":{"line":294,"column":24}},"type":"if","locations":[{"start":{"line":294,"column":2},"end":{"line":294,"column":24}},{"start":{},"end":{}}],"line":294},"37":{"loc":{"start":{"line":296,"column":2},"end":{"line":298,"column":3}},"type":"if","locations":[{"start":{"line":296,"column":2},"end":{"line":298,"column":3}},{"start":{},"end":{}}],"line":296},"38":{"loc":{"start":{"line":296,"column":6},"end":{"line":296,"column":90}},"type":"binary-expr","locations":[{"start":{"line":296,"column":6},"end":{"line":296,"column":43}},{"start":{"line":296,"column":47},"end":{"line":296,"column":90}}],"line":296},"39":{"loc":{"start":{"line":307,"column":20},"end":{"line":307,"column":32}},"type":"default-arg","locations":[{"start":{"line":307,"column":30},"end":{"line":307,"column":32}}],"line":307},"40":{"loc":{"start":{"line":311,"column":2},"end":{"line":314,"column":3}},"type":"if","locations":[{"start":{"line":311,"column":2},"end":{"line":314,"column":3}},{"start":{},"end":{}}],"line":311},"41":{"loc":{"start":{"line":316,"column":2},"end":{"line":319,"column":3}},"type":"if","locations":[{"start":{"line":316,"column":2},"end":{"line":319,"column":3}},{"start":{},"end":{}}],"line":316},"42":{"loc":{"start":{"line":316,"column":6},"end":{"line":316,"column":48}},"type":"binary-expr","locations":[{"start":{"line":316,"column":6},"end":{"line":316,"column":20}},{"start":{"line":316,"column":24},"end":{"line":316,"column":48}}],"line":316},"43":{"loc":{"start":{"line":323,"column":2},"end":{"line":331,"column":3}},"type":"if","locations":[{"start":{"line":323,"column":2},"end":{"line":331,"column":3}},{"start":{},"end":{}}],"line":323},"44":{"loc":{"start":{"line":327,"column":4},"end":{"line":330,"column":5}},"type":"if","locations":[{"start":{"line":327,"column":4},"end":{"line":330,"column":5}},{"start":{},"end":{}}],"line":327},"45":{"loc":{"start":{"line":336,"column":4},"end":{"line":338,"column":5}},"type":"if","locations":[{"start":{"line":336,"column":4},"end":{"line":338,"column":5}},{"start":{},"end":{}}],"line":336},"46":{"loc":{"start":{"line":336,"column":8},"end":{"line":336,"column":88}},"type":"binary-expr","locations":[{"start":{"line":336,"column":8},"end":{"line":336,"column":43}},{"start":{"line":336,"column":47},"end":{"line":336,"column":88}}],"line":336}},"s":{"0":1,"1":1,"2":1,"3":1,"4":1,"5":1,"6":0,"7":1,"8":1,"9":1,"10":1,"11":0,"12":0,"13":0,"14":0,"15":1,"16":1,"17":1,"18":1,"19":6,"20":1,"21":0,"22":1,"23":1,"24":1,"25":8,"26":1,"27":2,"28":1,"29":0,"30":0,"31":0,"32":0,"33":0,"34":0,"35":1,"36":0,"37":1,"38":1,"39":1,"40":1,"41":1,"42":37,"43":1,"44":38,"45":1,"46":0,"47":0,"48":1,"49":0,"50":0,"51":1,"52":39,"53":1,"54":40,"55":1,"56":41,"57":1,"58":0,"59":0,"60":1,"61":0,"62":0,"63":1,"64":0,"65":0,"66":1,"67":1,"68":1,"69":1,"70":1,"71":0,"72":0,"73":0,"74":0,"75":1,"76":0,"77":31,"78":31,"79":0,"80":31,"81":193,"82":193,"83":89,"84":89,"85":54,"86":54,"87":54,"88":1,"89":1,"90":53,"91":175,"92":53,"93":53,"94":155,"95":155,"96":6,"97":149,"98":149,"99":149,"100":12,"101":12,"102":12,"103":5,"104":5,"105":12,"106":9,"107":9,"108":12,"109":12,"110":11,"111":11,"112":11,"113":1,"114":1,"115":12,"116":12,"117":21,"118":21,"119":21,"120":7,"121":1},"f":{"0":6,"1":8,"2":2,"3":37,"4":38,"5":39,"6":40,"7":41,"8":31,"9":193,"10":89,"11":54,"12":175,"13":155,"14":12,"15":21,"16":7},"b":{"0":[0,1],"1":[0,1],"2":[8,8],"3":[2,1],"4":[0,1],"5":[1,0],"6":[0,1],"7":[0,1],"8":[0,1],"9":[0,1],"10":[0,1],"11":[0,1],"12":[0,1],"13":[0,31],"14":[2,29],"15":[17,176],"16":[22,171],"17":[5,188],"18":[89,50],"19":[89,50],"20":[89,46],"21":[89,0],"22":[89,89],"23":[89,1],"24":[89,1],"25":[89,1],"26":[89,1],"27":[89,1],"28":[89,1],"29":[89,1],"30":[89,74],"31":[89,74],"32":[0,89],"33":[89,89],"34":[1],"35":[1,53],"36":[6,149],"37":[149,0],"38":[149,149],"39":[0],"40":[5,7],"41":[9,3],"42":[12,11],"43":[11,1],"44":[1,10],"45":[21,0],"46":[21,21]},"_coverageSchema":"1a1c01bbd47fc00a2c39e90264f33305004495a9","hash":"24f9bdf622f1091c8d821487b460dea9325f200a","contentHash":"3bc5bcf1ba242ff7fdf4a87ccb038c59a33124b96c8b45ee257491fbe6e5d35a"},"C:\\Users\\samsc\\OneDrive\\Desktop\\working protoype\\server\\audit.js":{"path":"C:\\Users\\samsc\\OneDrive\\Desktop\\working protoype\\server\\audit.js","statementMap":{"0":{"start":{"line":1,"column":15},"end":{"line":1,"column":32}},"1":{"start":{"line":2,"column":17},"end":{"line":2,"column":32}},"2":{"start":{"line":3,"column":11},"end":{"line":3,"column":22}},"3":{"start":{"line":5,"column":19},"end":{"line":5,"column":61}},"4":{"start":{"line":8,"column":2},"end":{"line":8,"column":24}},"5":{"start":{"line":8,"column":12},"end":{"line":8,"column":24}},"6":{"start":{"line":9,"column":2},"end":{"line":9,"column":83}},"7":{"start":{"line":12,"column":24},"end":{"line":12,"column":151}},"8":{"start":{"line":14,"column":2},"end":{"line":19,"column":3}},"9":{"start":{"line":15,"column":15},"end":{"line":15,"column":57}},"10":{"start":{"line":16,"column":4},"end":{"line":16,"column":156}},"11":{"start":{"line":18,"column":4},"end":{"line":18,"column":51}},"12":{"start":{"line":23,"column":22},"end":{"line":23,"column":26}},"13":{"start":{"line":24,"column":28},"end":{"line":24,"column":32}},"14":{"start":{"line":25,"column":0},"end":{"line":37,"column":1}},"15":{"start":{"line":26,"column":15},"end":{"line":26,"column":83}},"16":{"start":{"line":26,"column":76},"end":{"line":26,"column":82}},"17":{"start":{"line":27,"column":17},"end":{"line":27,"column":67}},"18":{"start":{"line":28,"column":20},"end":{"line":28,"column":77}},"19":{"start":{"line":29,"column":2},"end":{"line":31,"column":3}},"20":{"start":{"line":30,"column":4},"end":{"line":30,"column":172}},"21":{"start":{"line":32,"column":2},"end":{"line":34,"column":3}},"22":{"start":{"line":33,"column":4},"end":{"line":33,"column":143}},"23":{"start":{"line":36,"column":2},"end":{"line":36,"column":52}},"24":{"start":{"line":39,"column":13},"end":{"line":39,"column":37}},"25":{"start":{"line":41,"column":2},"end":{"line":48,"column":3}},"26":{"start":{"line":42,"column":4},"end":{"line":47,"column":5}},"27":{"start":{"line":43,"column":6},"end":{"line":43,"column":218}},"28":{"start":{"line":44,"column":6},"end":{"line":44,"column":13}},"29":{"start":{"line":46,"column":6},"end":{"line":46,"column":72}},"30":{"start":{"line":50,"column":2},"end":{"line":59,"column":3}},"31":{"start":{"line":51,"column":4},"end":{"line":58,"column":5}},"32":{"start":{"line":52,"column":20},"end":{"line":52,"column":84}},"33":{"start":{"line":53,"column":27},"end":{"line":53,"column":31}},"34":{"start":{"line":54,"column":6},"end":{"line":54,"column":103}},"35":{"start":{"line":55,"column":6},"end":{"line":55,"column":13}},"36":{"start":{"line":57,"column":6},"end":{"line":57,"column":69}},"37":{"start":{"line":60,"column":2},"end":{"line":60,"column":90}},"38":{"start":{"line":64,"column":12},"end":{"line":64,"column":72}},"39":{"start":{"line":65,"column":17},"end":{"line":65,"column":77}},"40":{"start":{"line":66,"column":2},"end":{"line":70,"column":3}},"41":{"start":{"line":67,"column":4},"end":{"line":67,"column":67}},"42":{"start":{"line":69,"column":4},"end":{"line":69,"column":66}},"43":{"start":{"line":72,"column":2},"end":{"line":77,"column":3}},"44":{"start":{"line":73,"column":4},"end":{"line":73,"column":68}},"45":{"start":{"line":76,"column":4},"end":{"line":76,"column":87}},"46":{"start":{"line":80,"column":0},"end":{"line":80,"column":84}}},"fnMap":{"0":{"name":"fingerprintKey","decl":{"start":{"line":7,"column":9},"end":{"line":7,"column":23}},"loc":{"start":{"line":7,"column":29},"end":{"line":10,"column":1}},"line":7},"1":{"name":"logAdminEvent","decl":{"start":{"line":13,"column":9},"end":{"line":13,"column":22}},"loc":{"start":{"line":13,"column":74},"end":{"line":20,"column":1}},"line":13},"2":{"name":"(anonymous_2)","decl":{"start":{"line":26,"column":71},"end":{"line":26,"column":72}},"loc":{"start":{"line":26,"column":76},"end":{"line":26,"column":82}},"line":26},"3":{"name":"logUsageEvent","decl":{"start":{"line":38,"column":9},"end":{"line":38,"column":22}},"loc":{"start":{"line":38,"column":104},"end":{"line":61,"column":1}},"line":38},"4":{"name":"cleanupRetention","decl":{"start":{"line":63,"column":9},"end":{"line":63,"column":25}},"loc":{"start":{"line":63,"column":32},"end":{"line":78,"column":1}},"line":63}},"branchMap":{"0":{"loc":{"start":{"line":5,"column":19},"end":{"line":5,"column":61}},"type":"binary-expr","locations":[{"start":{"line":5,"column":19},"end":{"line":5,"column":41}},{"start":{"line":5,"column":45},"end":{"line":5,"column":61}}],"line":5},"1":{"loc":{"start":{"line":8,"column":2},"end":{"line":8,"column":24}},"type":"if","locations":[{"start":{"line":8,"column":2},"end":{"line":8,"column":24}},{"start":{},"end":{}}],"line":8},"2":{"loc":{"start":{"line":15,"column":15},"end":{"line":15,"column":57}},"type":"cond-expr","locations":[{"start":{"line":15,"column":26},"end":{"line":15,"column":50}},{"start":{"line":15,"column":53},"end":{"line":15,"column":57}}],"line":15},"3":{"loc":{"start":{"line":16,"column":54},"end":{"line":16,"column":64}},"type":"binary-expr","locations":[{"start":{"line":16,"column":54},"end":{"line":16,"column":56}},{"start":{"line":16,"column":60},"end":{"line":16,"column":64}}],"line":16},"4":{"loc":{"start":{"line":16,"column":66},"end":{"line":16,"column":79}},"type":"binary-expr","locations":[{"start":{"line":16,"column":66},"end":{"line":16,"column":71}},{"start":{"line":16,"column":75},"end":{"line":16,"column":79}}],"line":16},"5":{"loc":{"start":{"line":16,"column":81},"end":{"line":16,"column":95}},"type":"binary-expr","locations":[{"start":{"line":16,"column":81},"end":{"line":16,"column":87}},{"start":{"line":16,"column":91},"end":{"line":16,"column":95}}],"line":16},"6":{"loc":{"start":{"line":16,"column":97},"end":{"line":16,"column":137}},"type":"cond-expr","locations":[{"start":{"line":16,"column":107},"end":{"line":16,"column":130}},{"start":{"line":16,"column":133},"end":{"line":16,"column":137}}],"line":16},"7":{"loc":{"start":{"line":16,"column":139},"end":{"line":16,"column":154}},"type":"binary-expr","locations":[{"start":{"line":16,"column":139},"end":{"line":16,"column":146}},{"start":{"line":16,"column":150},"end":{"line":16,"column":154}}],"line":16},"8":{"loc":{"start":{"line":27,"column":17},"end":{"line":27,"column":67}},"type":"binary-expr","locations":[{"start":{"line":27,"column":17},"end":{"line":27,"column":36}},{"start":{"line":27,"column":40},"end":{"line":27,"column":67}}],"line":27},"9":{"loc":{"start":{"line":28,"column":20},"end":{"line":28,"column":77}},"type":"binary-expr","locations":[{"start":{"line":28,"column":20},"end":{"line":28,"column":47}},{"start":{"line":28,"column":51},"end":{"line":28,"column":77}}],"line":28},"10":{"loc":{"start":{"line":29,"column":2},"end":{"line":31,"column":3}},"type":"if","locations":[{"start":{"line":29,"column":2},"end":{"line":31,"column":3}},{"start":{},"end":{}}],"line":29},"11":{"loc":{"start":{"line":32,"column":2},"end":{"line":34,"column":3}},"type":"if","locations":[{"start":{"line":32,"column":2},"end":{"line":34,"column":3}},{"start":{},"end":{}}],"line":32},"12":{"loc":{"start":{"line":41,"column":2},"end":{"line":48,"column":3}},"type":"if","locations":[{"start":{"line":41,"column":2},"end":{"line":48,"column":3}},{"start":{},"end":{}}],"line":41},"13":{"loc":{"start":{"line":43,"column":30},"end":{"line":43,"column":48}},"type":"binary-expr","locations":[{"start":{"line":43,"column":30},"end":{"line":43,"column":40}},{"start":{"line":43,"column":44},"end":{"line":43,"column":48}}],"line":43},"14":{"loc":{"start":{"line":43,"column":50},"end":{"line":43,"column":69}},"type":"binary-expr","locations":[{"start":{"line":43,"column":50},"end":{"line":43,"column":61}},{"start":{"line":43,"column":65},"end":{"line":43,"column":69}}],"line":43},"15":{"loc":{"start":{"line":43,"column":71},"end":{"line":43,"column":94}},"type":"binary-expr","locations":[{"start":{"line":43,"column":71},"end":{"line":43,"column":86}},{"start":{"line":43,"column":90},"end":{"line":43,"column":94}}],"line":43},"16":{"loc":{"start":{"line":43,"column":96},"end":{"line":43,"column":158}},"type":"cond-expr","locations":[{"start":{"line":43,"column":135},"end":{"line":43,"column":151}},{"start":{"line":43,"column":154},"end":{"line":43,"column":158}}],"line":43},"17":{"loc":{"start":{"line":43,"column":160},"end":{"line":43,"column":200}},"type":"cond-expr","locations":[{"start":{"line":43,"column":170},"end":{"line":43,"column":193}},{"start":{"line":43,"column":196},"end":{"line":43,"column":200}}],"line":43},"18":{"loc":{"start":{"line":43,"column":202},"end":{"line":43,"column":216}},"type":"binary-expr","locations":[{"start":{"line":43,"column":202},"end":{"line":43,"column":208}},{"start":{"line":43,"column":212},"end":{"line":43,"column":216}}],"line":43},"19":{"loc":{"start":{"line":50,"column":2},"end":{"line":59,"column":3}},"type":"if","locations":[{"start":{"line":50,"column":2},"end":{"line":59,"column":3}},{"start":{},"end":{}}],"line":50},"20":{"loc":{"start":{"line":52,"column":20},"end":{"line":52,"column":84}},"type":"cond-expr","locations":[{"start":{"line":52,"column":30},"end":{"line":52,"column":77}},{"start":{"line":52,"column":80},"end":{"line":52,"column":84}}],"line":52},"21":{"loc":{"start":{"line":54,"column":32},"end":{"line":54,"column":51}},"type":"binary-expr","locations":[{"start":{"line":54,"column":32},"end":{"line":54,"column":43}},{"start":{"line":54,"column":47},"end":{"line":54,"column":51}}],"line":54},"22":{"loc":{"start":{"line":54,"column":57},"end":{"line":54,"column":80}},"type":"binary-expr","locations":[{"start":{"line":54,"column":57},"end":{"line":54,"column":72}},{"start":{"line":54,"column":76},"end":{"line":54,"column":80}}],"line":54},"23":{"loc":{"start":{"line":64,"column":19},"end":{"line":64,"column":71}},"type":"binary-expr","locations":[{"start":{"line":64,"column":19},"end":{"line":64,"column":23}},{"start":{"line":64,"column":27},"end":{"line":64,"column":65}},{"start":{"line":64,"column":69},"end":{"line":64,"column":71}}],"line":64}},"s":{"0":5,"1":5,"2":5,"3":5,"4":30,"5":1,"6":29,"7":5,"8":30,"9":30,"10":30,"11":1,"12":5,"13":5,"14":5,"15":5,"16":29,"17":5,"18":5,"19":5,"20":3,"21":5,"22":1,"23":0,"24":13,"25":13,"26":11,"27":11,"28":11,"29":0,"30":2,"31":1,"32":1,"33":1,"34":1,"35":1,"36":0,"37":1,"38":21,"39":21,"40":21,"41":21,"42":1,"43":21,"44":21,"45":1,"46":5},"f":{"0":30,"1":30,"2":29,"3":13,"4":21},"b":{"0":[5,1],"1":[1,29],"2":[27,3],"3":[30,1],"4":[30,2],"5":[30,0],"6":[8,22],"7":[30,3],"8":[5,3],"9":[5,1],"10":[3,2],"11":[1,4],"12":[11,2],"13":[11,0],"14":[11,0],"15":[11,1],"16":[0,11],"17":[11,0],"18":[11,1],"19":[1,1],"20":[1,0],"21":[1,0],"22":[1,0],"23":[21,17,17]},"_coverageSchema":"1a1c01bbd47fc00a2c39e90264f33305004495a9","hash":"3716e0a317de191b585ca5bbdb25772a6896de77","contentHash":"cc9f59f6027843cde96cf0f8e93ac5ecbefbe3ef5176befe448a5fba27e73a17"},"C:\\Users\\samsc\\OneDrive\\Desktop\\working protoype\\server\\comfy-workflows.js":{"path":"C:\\Users\\samsc\\OneDrive\\Desktop\\working protoype\\server\\comfy-workflows.js","statementMap":{"0":{"start":{"line":5,"column":23},"end":{"line":5,"column":51}},"1":{"start":{"line":6,"column":51},"end":{"line":6,"column":82}},"2":{"start":{"line":26,"column":2},"end":{"line":41,"column":3}},"3":{"start":{"line":28,"column":4},"end":{"line":28,"column":28}},"4":{"start":{"line":29,"column":9},"end":{"line":41,"column":3}},"5":{"start":{"line":31,"column":4},"end":{"line":31,"column":39}},"6":{"start":{"line":32,"column":9},"end":{"line":41,"column":3}},"7":{"start":{"line":33,"column":4},"end":{"line":33,"column":44}},"8":{"start":{"line":34,"column":9},"end":{"line":41,"column":3}},"9":{"start":{"line":35,"column":4},"end":{"line":35,"column":37}},"10":{"start":{"line":36,"column":9},"end":{"line":41,"column":3}},"11":{"start":{"line":37,"column":4},"end":{"line":37,"column":44}},"12":{"start":{"line":40,"column":4},"end":{"line":40,"column":43}},"13":{"start":{"line":45,"column":2},"end":{"line":54,"column":3}},"14":{"start":{"line":46,"column":4},"end":{"line":46,"column":68}},"15":{"start":{"line":48,"column":4},"end":{"line":48,"column":104}},"16":{"start":{"line":50,"column":4},"end":{"line":52,"column":5}},"17":{"start":{"line":51,"column":6},"end":{"line":51,"column":46}},"18":{"start":{"line":53,"column":4},"end":{"line":53,"column":44}},"19":{"start":{"line":57,"column":2},"end":{"line":62,"column":3}},"20":{"start":{"line":58,"column":23},"end":{"line":58,"column":65}},"21":{"start":{"line":59,"column":4},"end":{"line":61,"column":5}},"22":{"start":{"line":60,"column":6},"end":{"line":60,"column":39}},"23":{"start":{"line":64,"column":2},"end":{"line":64,"column":18}},"24":{"start":{"line":77,"column":2},"end":{"line":83,"column":3}},"25":{"start":{"line":78,"column":25},"end":{"line":78,"column":82}},"26":{"start":{"line":79,"column":4},"end":{"line":79,"column":64}},"27":{"start":{"line":82,"column":4},"end":{"line":82,"column":44}},"28":{"start":{"line":92,"column":2},"end":{"line":97,"column":3}},"29":{"start":{"line":93,"column":4},"end":{"line":93,"column":76}},"30":{"start":{"line":96,"column":4},"end":{"line":96,"column":44}},"31":{"start":{"line":115,"column":6},"end":{"line":115,"column":12}},"32":{"start":{"line":117,"column":2},"end":{"line":139,"column":4}},"33":{"start":{"line":155,"column":6},"end":{"line":155,"column":12}},"34":{"start":{"line":157,"column":2},"end":{"line":188,"column":4}},"35":{"start":{"line":200,"column":2},"end":{"line":205,"column":3}},"36":{"start":{"line":201,"column":4},"end":{"line":201,"column":42}},"37":{"start":{"line":203,"column":4},"end":{"line":203,"column":61}},"38":{"start":{"line":204,"column":4},"end":{"line":204,"column":14}},"39":{"start":{"line":214,"column":2},"end":{"line":214,"column":56}},"40":{"start":{"line":223,"column":2},"end":{"line":223,"column":50}},"41":{"start":{"line":230,"column":0},"end":{"line":240,"column":2}}},"fnMap":{"0":{"name":"buildWorkflow","decl":{"start":{"line":22,"column":9},"end":{"line":22,"column":22}},"loc":{"start":{"line":22,"column":92},"end":{"line":65,"column":1}},"line":22},"1":{"name":"buildImageWorkflow","decl":{"start":{"line":75,"column":9},"end":{"line":75,"column":27}},"loc":{"start":{"line":75,"column":41},"end":{"line":84,"column":1}},"line":75},"2":{"name":"buildVideoWorkflow","decl":{"start":{"line":90,"column":9},"end":{"line":90,"column":27}},"loc":{"start":{"line":90,"column":41},"end":{"line":98,"column":1}},"line":90},"3":{"name":"buildImageWorkflowLegacy","decl":{"start":{"line":104,"column":9},"end":{"line":104,"column":33}},"loc":{"start":{"line":104,"column":47},"end":{"line":140,"column":1}},"line":104},"4":{"name":"buildVideoWorkflowLegacy","decl":{"start":{"line":142,"column":9},"end":{"line":142,"column":33}},"loc":{"start":{"line":142,"column":47},"end":{"line":189,"column":1}},"line":142},"5":{"name":"listTemplates","decl":{"start":{"line":199,"column":9},"end":{"line":199,"column":22}},"loc":{"start":{"line":199,"column":25},"end":{"line":206,"column":1}},"line":199},"6":{"name":"getRequiredModels","decl":{"start":{"line":213,"column":9},"end":{"line":213,"column":26}},"loc":{"start":{"line":213,"column":41},"end":{"line":215,"column":1}},"line":213},"7":{"name":"hasTemplate","decl":{"start":{"line":222,"column":9},"end":{"line":222,"column":20}},"loc":{"start":{"line":222,"column":35},"end":{"line":224,"column":1}},"line":222}},"branchMap":{"0":{"loc":{"start":{"line":22,"column":23},"end":{"line":22,"column":34}},"type":"default-arg","locations":[{"start":{"line":22,"column":32},"end":{"line":22,"column":34}}],"line":22},"1":{"loc":{"start":{"line":22,"column":36},"end":{"line":22,"column":50}},"type":"default-arg","locations":[{"start":{"line":22,"column":43},"end":{"line":22,"column":50}}],"line":22},"2":{"loc":{"start":{"line":22,"column":52},"end":{"line":22,"column":67}},"type":"default-arg","locations":[{"start":{"line":22,"column":63},"end":{"line":22,"column":67}}],"line":22},"3":{"loc":{"start":{"line":22,"column":69},"end":{"line":22,"column":90}},"type":"default-arg","locations":[{"start":{"line":22,"column":86},"end":{"line":22,"column":90}}],"line":22},"4":{"loc":{"start":{"line":26,"column":2},"end":{"line":41,"column":3}},"type":"if","locations":[{"start":{"line":26,"column":2},"end":{"line":41,"column":3}},{"start":{"line":29,"column":9},"end":{"line":41,"column":3}}],"line":26},"5":{"loc":{"start":{"line":26,"column":6},"end":{"line":26,"column":54}},"type":"binary-expr","locations":[{"start":{"line":26,"column":6},"end":{"line":26,"column":14}},{"start":{"line":26,"column":18},"end":{"line":26,"column":54}}],"line":26},"6":{"loc":{"start":{"line":29,"column":9},"end":{"line":41,"column":3}},"type":"if","locations":[{"start":{"line":29,"column":9},"end":{"line":41,"column":3}},{"start":{"line":32,"column":9},"end":{"line":41,"column":3}}],"line":29},"7":{"loc":{"start":{"line":32,"column":9},"end":{"line":41,"column":3}},"type":"if","locations":[{"start":{"line":32,"column":9},"end":{"line":41,"column":3}},{"start":{"line":34,"column":9},"end":{"line":41,"column":3}}],"line":32},"8":{"loc":{"start":{"line":32,"column":13},"end":{"line":32,"column":44}},"type":"binary-expr","locations":[{"start":{"line":32,"column":13},"end":{"line":32,"column":24}},{"start":{"line":32,"column":28},"end":{"line":32,"column":44}}],"line":32},"9":{"loc":{"start":{"line":34,"column":9},"end":{"line":41,"column":3}},"type":"if","locations":[{"start":{"line":34,"column":9},"end":{"line":41,"column":3}},{"start":{"line":36,"column":9},"end":{"line":41,"column":3}}],"line":34},"10":{"loc":{"start":{"line":36,"column":9},"end":{"line":41,"column":3}},"type":"if","locations":[{"start":{"line":36,"column":9},"end":{"line":41,"column":3}},{"start":{"line":38,"column":9},"end":{"line":41,"column":3}}],"line":36},"11":{"loc":{"start":{"line":50,"column":4},"end":{"line":52,"column":5}},"type":"if","locations":[{"start":{"line":50,"column":4},"end":{"line":52,"column":5}},{"start":{},"end":{}}],"line":50},"12":{"loc":{"start":{"line":57,"column":2},"end":{"line":62,"column":3}},"type":"if","locations":[{"start":{"line":57,"column":2},"end":{"line":62,"column":3}},{"start":{},"end":{}}],"line":57},"13":{"loc":{"start":{"line":59,"column":4},"end":{"line":61,"column":5}},"type":"if","locations":[{"start":{"line":59,"column":4},"end":{"line":61,"column":5}},{"start":{},"end":{}}],"line":59},"14":{"loc":{"start":{"line":75,"column":28},"end":{"line":75,"column":39}},"type":"default-arg","locations":[{"start":{"line":75,"column":37},"end":{"line":75,"column":39}}],"line":75},"15":{"loc":{"start":{"line":78,"column":25},"end":{"line":78,"column":82}},"type":"cond-expr","locations":[{"start":{"line":78,"column":39},"end":{"line":78,"column":56}},{"start":{"line":78,"column":59},"end":{"line":78,"column":82}}],"line":78},"16":{"loc":{"start":{"line":90,"column":28},"end":{"line":90,"column":39}},"type":"default-arg","locations":[{"start":{"line":90,"column":37},"end":{"line":90,"column":39}}],"line":90},"17":{"loc":{"start":{"line":104,"column":34},"end":{"line":104,"column":45}},"type":"default-arg","locations":[{"start":{"line":104,"column":43},"end":{"line":104,"column":45}}],"line":104},"18":{"loc":{"start":{"line":106,"column":4},"end":{"line":106,"column":32}},"type":"default-arg","locations":[{"start":{"line":106,"column":13},"end":{"line":106,"column":32}}],"line":106},"19":{"loc":{"start":{"line":107,"column":4},"end":{"line":107,"column":50}},"type":"default-arg","locations":[{"start":{"line":107,"column":21},"end":{"line":107,"column":50}}],"line":107},"20":{"loc":{"start":{"line":108,"column":4},"end":{"line":108,"column":15}},"type":"default-arg","locations":[{"start":{"line":108,"column":12},"end":{"line":108,"column":15}}],"line":108},"21":{"loc":{"start":{"line":109,"column":4},"end":{"line":109,"column":16}},"type":"default-arg","locations":[{"start":{"line":109,"column":13},"end":{"line":109,"column":16}}],"line":109},"22":{"loc":{"start":{"line":110,"column":4},"end":{"line":110,"column":14}},"type":"default-arg","locations":[{"start":{"line":110,"column":12},"end":{"line":110,"column":14}}],"line":110},"23":{"loc":{"start":{"line":111,"column":4},"end":{"line":111,"column":16}},"type":"default-arg","locations":[{"start":{"line":111,"column":15},"end":{"line":111,"column":16}}],"line":111},"24":{"loc":{"start":{"line":112,"column":4},"end":{"line":112,"column":49}},"type":"default-arg","locations":[{"start":{"line":112,"column":11},"end":{"line":112,"column":49}}],"line":112},"25":{"loc":{"start":{"line":113,"column":4},"end":{"line":113,"column":31}},"type":"default-arg","locations":[{"start":{"line":113,"column":14},"end":{"line":113,"column":31}}],"line":113},"26":{"loc":{"start":{"line":114,"column":4},"end":{"line":114,"column":44}},"type":"default-arg","locations":[{"start":{"line":114,"column":17},"end":{"line":114,"column":44}}],"line":114},"27":{"loc":{"start":{"line":142,"column":34},"end":{"line":142,"column":45}},"type":"default-arg","locations":[{"start":{"line":142,"column":43},"end":{"line":142,"column":45}}],"line":142},"28":{"loc":{"start":{"line":144,"column":4},"end":{"line":144,"column":34}},"type":"default-arg","locations":[{"start":{"line":144,"column":13},"end":{"line":144,"column":34}}],"line":144},"29":{"loc":{"start":{"line":145,"column":4},"end":{"line":145,"column":50}},"type":"default-arg","locations":[{"start":{"line":145,"column":21},"end":{"line":145,"column":50}}],"line":145},"30":{"loc":{"start":{"line":146,"column":4},"end":{"line":146,"column":15}},"type":"default-arg","locations":[{"start":{"line":146,"column":12},"end":{"line":146,"column":15}}],"line":146},"31":{"loc":{"start":{"line":147,"column":4},"end":{"line":147,"column":16}},"type":"default-arg","locations":[{"start":{"line":147,"column":13},"end":{"line":147,"column":16}}],"line":147},"32":{"loc":{"start":{"line":148,"column":4},"end":{"line":148,"column":14}},"type":"default-arg","locations":[{"start":{"line":148,"column":12},"end":{"line":148,"column":14}}],"line":148},"33":{"loc":{"start":{"line":149,"column":4},"end":{"line":149,"column":16}},"type":"default-arg","locations":[{"start":{"line":149,"column":15},"end":{"line":149,"column":16}}],"line":149},"34":{"loc":{"start":{"line":150,"column":4},"end":{"line":150,"column":49}},"type":"default-arg","locations":[{"start":{"line":150,"column":11},"end":{"line":150,"column":49}}],"line":150},"35":{"loc":{"start":{"line":151,"column":4},"end":{"line":151,"column":15}},"type":"default-arg","locations":[{"start":{"line":151,"column":13},"end":{"line":151,"column":15}}],"line":151},"36":{"loc":{"start":{"line":152,"column":4},"end":{"line":152,"column":11}},"type":"default-arg","locations":[{"start":{"line":152,"column":10},"end":{"line":152,"column":11}}],"line":152},"37":{"loc":{"start":{"line":153,"column":4},"end":{"line":153,"column":21}},"type":"default-arg","locations":[{"start":{"line":153,"column":14},"end":{"line":153,"column":21}}],"line":153},"38":{"loc":{"start":{"line":154,"column":4},"end":{"line":154,"column":44}},"type":"default-arg","locations":[{"start":{"line":154,"column":17},"end":{"line":154,"column":44}}],"line":154}},"s":{"0":1,"1":1,"2":5,"3":0,"4":5,"5":0,"6":5,"7":0,"8":5,"9":0,"10":5,"11":2,"12":3,"13":5,"14":5,"15":5,"16":5,"17":2,"18":3,"19":0,"20":0,"21":0,"22":0,"23":0,"24":0,"25":0,"26":0,"27":0,"28":0,"29":0,"30":0,"31":3,"32":3,"33":2,"34":2,"35":0,"36":0,"37":0,"38":0,"39":0,"40":0,"41":1},"f":{"0":5,"1":0,"2":0,"3":3,"4":2,"5":0,"6":0,"7":0},"b":{"0":[0],"1":[0],"2":[3],"3":[3],"4":[0,5],"5":[5,0],"6":[0,5],"7":[0,5],"8":[5,0],"9":[0,5],"10":[2,3],"11":[2,3],"12":[0,0],"13":[0,0],"14":[0],"15":[0,0],"16":[0],"17":[0],"18":[2],"19":[2],"20":[1],"21":[1],"22":[2],"23":[2],"24":[2],"25":[2],"26":[1],"27":[0],"28":[1],"29":[1],"30":[1],"31":[1],"32":[1],"33":[1],"34":[1],"35":[1],"36":[1],"37":[1],"38":[1]},"_coverageSchema":"1a1c01bbd47fc00a2c39e90264f33305004495a9","hash":"f5fbe18011e8d92bafc9f766e94cb308661e0bb2","contentHash":"efd76a87d1dcd26687104779e6a23689e3b27d9c5f249f825674c9cf2d812e20"},"C:\\Users\\samsc\\OneDrive\\Desktop\\working protoype\\server\\workflow-loader.js":{"path":"C:\\Users\\samsc\\OneDrive\\Desktop\\working protoype\\server\\workflow-loader.js","statementMap":{"0":{"start":{"line":4,"column":11},"end":{"line":4,"column":24}},"1":{"start":{"line":5,"column":13},"end":{"line":5,"column":28}},"2":{"start":{"line":8,"column":20},"end":{"line":14,"column":1}},"3":{"start":{"line":22,"column":2},"end":{"line":22,"column":94}},"4":{"start":{"line":32,"column":2},"end":{"line":34,"column":3}},"5":{"start":{"line":33,"column":4},"end":{"line":33,"column":60}},"6":{"start":{"line":36,"column":23},"end":{"line":36,"column":48}},"7":{"start":{"line":37,"column":23},"end":{"line":37,"column":60}},"8":{"start":{"line":38,"column":17},"end":{"line":38,"column":41}},"9":{"start":{"line":42,"column":23},"end":{"line":54,"column":3}},"10":{"start":{"line":57,"column":20},"end":{"line":57,"column":44}},"11":{"start":{"line":58,"column":2},"end":{"line":60,"column":3}},"12":{"start":{"line":59,"column":4},"end":{"line":59,"column":75}},"13":{"start":{"line":62,"column":2},"end":{"line":62,"column":33}},"14":{"start":{"line":65,"column":0},"end":{"line":69,"column":2}}},"fnMap":{"0":{"name":"hasTemplate","decl":{"start":{"line":21,"column":9},"end":{"line":21,"column":20}},"loc":{"start":{"line":21,"column":35},"end":{"line":23,"column":1}},"line":21},"1":{"name":"hydrateTemplate","decl":{"start":{"line":31,"column":9},"end":{"line":31,"column":24}},"loc":{"start":{"line":31,"column":52},"end":{"line":63,"column":1}},"line":31}},"branchMap":{"0":{"loc":{"start":{"line":22,"column":9},"end":{"line":22,"column":93}},"type":"binary-expr","locations":[{"start":{"line":22,"column":9},"end":{"line":22,"column":49}},{"start":{"line":22,"column":53},"end":{"line":22,"column":93}}],"line":22},"1":{"loc":{"start":{"line":31,"column":39},"end":{"line":31,"column":50}},"type":"default-arg","locations":[{"start":{"line":31,"column":48},"end":{"line":31,"column":50}}],"line":31},"2":{"loc":{"start":{"line":32,"column":2},"end":{"line":34,"column":3}},"type":"if","locations":[{"start":{"line":32,"column":2},"end":{"line":34,"column":3}},{"start":{},"end":{}}],"line":32},"3":{"loc":{"start":{"line":43,"column":18},"end":{"line":43,"column":54}},"type":"binary-expr","locations":[{"start":{"line":43,"column":18},"end":{"line":43,"column":31}},{"start":{"line":43,"column":35},"end":{"line":43,"column":54}}],"line":43},"4":{"loc":{"start":{"line":44,"column":26},"end":{"line":44,"column":67}},"type":"binary-expr","locations":[{"start":{"line":44,"column":26},"end":{"line":44,"column":47}},{"start":{"line":44,"column":51},"end":{"line":44,"column":67}}],"line":44},"5":{"loc":{"start":{"line":45,"column":17},"end":{"line":45,"column":36}},"type":"binary-expr","locations":[{"start":{"line":45,"column":17},"end":{"line":45,"column":29}},{"start":{"line":45,"column":33},"end":{"line":45,"column":36}}],"line":45},"6":{"loc":{"start":{"line":46,"column":18},"end":{"line":46,"column":38}},"type":"binary-expr","locations":[{"start":{"line":46,"column":18},"end":{"line":46,"column":31}},{"start":{"line":46,"column":35},"end":{"line":46,"column":38}}],"line":46},"7":{"loc":{"start":{"line":47,"column":17},"end":{"line":47,"column":35}},"type":"binary-expr","locations":[{"start":{"line":47,"column":17},"end":{"line":47,"column":29}},{"start":{"line":47,"column":33},"end":{"line":47,"column":35}}],"line":47},"8":{"loc":{"start":{"line":48,"column":20},"end":{"line":48,"column":40}},"type":"binary-expr","locations":[{"start":{"line":48,"column":20},"end":{"line":48,"column":35}},{"start":{"line":48,"column":39},"end":{"line":48,"column":40}}],"line":48},"9":{"loc":{"start":{"line":49,"column":16},"end":{"line":49,"column":69}},"type":"binary-expr","locations":[{"start":{"line":49,"column":16},"end":{"line":49,"column":27}},{"start":{"line":49,"column":31},"end":{"line":49,"column":69}}],"line":49},"10":{"loc":{"start":{"line":50,"column":22},"end":{"line":50,"column":74}},"type":"binary-expr","locations":[{"start":{"line":50,"column":22},"end":{"line":50,"column":39}},{"start":{"line":50,"column":43},"end":{"line":50,"column":74}}],"line":50},"11":{"loc":{"start":{"line":51,"column":20},"end":{"line":51,"column":70}},"type":"binary-expr","locations":[{"start":{"line":51,"column":20},"end":{"line":51,"column":35}},{"start":{"line":51,"column":39},"end":{"line":51,"column":70}}],"line":51},"12":{"loc":{"start":{"line":52,"column":24},"end":{"line":52,"column":50}},"type":"binary-expr","locations":[{"start":{"line":52,"column":24},"end":{"line":52,"column":43}},{"start":{"line":52,"column":47},"end":{"line":52,"column":50}}],"line":52}},"s":{"0":1,"1":1,"2":1,"3":5,"4":5,"5":3,"6":2,"7":2,"8":0,"9":0,"10":0,"11":0,"12":0,"13":0,"14":1},"f":{"0":5,"1":5},"b":{"0":[5,5],"1":[0],"2":[3,2],"3":[0,0],"4":[0,0],"5":[0,0],"6":[0,0],"7":[0,0],"8":[0,0],"9":[0,0],"10":[0,0],"11":[0,0],"12":[0,0]},"_coverageSchema":"1a1c01bbd47fc00a2c39e90264f33305004495a9","hash":"c3920526023ed211803d3ca3d7b2fbacda965344","contentHash":"7c0050956eebc8963bb238cd6f9cb87673817deaef139dd8c7757bc1e3d72240"},"C:\\Users\\samsc\\OneDrive\\Desktop\\working protoype\\server\\workflow-validator.js":{"path":"C:\\Users\\samsc\\OneDrive\\Desktop\\working protoype\\server\\workflow-validator.js","statementMap":{"0":{"start":{"line":10,"column":17},"end":{"line":10,"column":19}},"1":{"start":{"line":13,"column":2},"end":{"line":16,"column":3}},"2":{"start":{"line":14,"column":4},"end":{"line":14,"column":51}},"3":{"start":{"line":15,"column":4},"end":{"line":15,"column":36}},"4":{"start":{"line":19,"column":22},"end":{"line":19,"column":24}},"5":{"start":{"line":20,"column":2},"end":{"line":24,"column":5}},"6":{"start":{"line":21,"column":4},"end":{"line":23,"column":5}},"7":{"start":{"line":22,"column":6},"end":{"line":22,"column":46}},"8":{"start":{"line":27,"column":2},"end":{"line":33,"column":3}},"9":{"start":{"line":28,"column":4},"end":{"line":32,"column":7}},"10":{"start":{"line":29,"column":6},"end":{"line":31,"column":7}},"11":{"start":{"line":30,"column":8},"end":{"line":30,"column":79}},"12":{"start":{"line":35,"column":2},"end":{"line":38,"column":4}},"13":{"start":{"line":46,"column":2},"end":{"line":50,"column":3}},"14":{"start":{"line":47,"column":18},"end":{"line":47,"column":90}},"15":{"start":{"line":48,"column":4},"end":{"line":48,"column":47}},"16":{"start":{"line":49,"column":4},"end":{"line":49,"column":16}},"17":{"start":{"line":53,"column":0},"end":{"line":56,"column":2}}},"fnMap":{"0":{"name":"validateWorkflow","decl":{"start":{"line":9,"column":9},"end":{"line":9,"column":25}},"loc":{"start":{"line":9,"column":52},"end":{"line":39,"column":1}},"line":9},"1":{"name":"(anonymous_1)","decl":{"start":{"line":20,"column":34},"end":{"line":20,"column":35}},"loc":{"start":{"line":20,"column":42},"end":{"line":24,"column":3}},"line":20},"2":{"name":"(anonymous_2)","decl":{"start":{"line":28,"column":24},"end":{"line":28,"column":25}},"loc":{"start":{"line":28,"column":38},"end":{"line":32,"column":5}},"line":28},"3":{"name":"throwValidationError","decl":{"start":{"line":45,"column":9},"end":{"line":45,"column":29}},"loc":{"start":{"line":45,"column":42},"end":{"line":51,"column":1}},"line":45}},"branchMap":{"0":{"loc":{"start":{"line":13,"column":2},"end":{"line":16,"column":3}},"type":"if","locations":[{"start":{"line":13,"column":2},"end":{"line":16,"column":3}},{"start":{},"end":{}}],"line":13},"1":{"loc":{"start":{"line":13,"column":6},"end":{"line":13,"column":47}},"type":"binary-expr","locations":[{"start":{"line":13,"column":6},"end":{"line":13,"column":15}},{"start":{"line":13,"column":19},"end":{"line":13,"column":47}}],"line":13},"2":{"loc":{"start":{"line":21,"column":4},"end":{"line":23,"column":5}},"type":"if","locations":[{"start":{"line":21,"column":4},"end":{"line":23,"column":5}},{"start":{},"end":{}}],"line":21},"3":{"loc":{"start":{"line":21,"column":8},"end":{"line":21,"column":78}},"type":"binary-expr","locations":[{"start":{"line":21,"column":8},"end":{"line":21,"column":52}},{"start":{"line":21,"column":56},"end":{"line":21,"column":78}}],"line":21},"4":{"loc":{"start":{"line":27,"column":2},"end":{"line":33,"column":3}},"type":"if","locations":[{"start":{"line":27,"column":2},"end":{"line":33,"column":3}},{"start":{},"end":{}}],"line":27},"5":{"loc":{"start":{"line":27,"column":6},"end":{"line":27,"column":50}},"type":"binary-expr","locations":[{"start":{"line":27,"column":6},"end":{"line":27,"column":20}},{"start":{"line":27,"column":24},"end":{"line":27,"column":50}}],"line":27},"6":{"loc":{"start":{"line":29,"column":6},"end":{"line":31,"column":7}},"type":"if","locations":[{"start":{"line":29,"column":6},"end":{"line":31,"column":7}},{"start":{},"end":{}}],"line":29},"7":{"loc":{"start":{"line":46,"column":2},"end":{"line":50,"column":3}},"type":"if","locations":[{"start":{"line":46,"column":2},"end":{"line":50,"column":3}},{"start":{},"end":{}}],"line":46}},"s":{"0":0,"1":0,"2":0,"3":0,"4":0,"5":0,"6":0,"7":0,"8":0,"9":0,"10":0,"11":0,"12":0,"13":0,"14":0,"15":0,"16":0,"17":1},"f":{"0":0,"1":0,"2":0,"3":0},"b":{"0":[0,0],"1":[0,0],"2":[0,0],"3":[0,0],"4":[0,0],"5":[0,0],"6":[0,0],"7":[0,0]},"_coverageSchema":"1a1c01bbd47fc00a2c39e90264f33305004495a9","hash":"751a8f1a080e25f39414c0f61e46a901d912018e","contentHash":"c91d380accfbf9401e6734ae3320500e7b8aa22176d1809a60039945626bda98"},"C:\\Users\\samsc\\OneDrive\\Desktop\\working protoype\\server\\vastai-proxy.js":{"path":"C:\\Users\\samsc\\OneDrive\\Desktop\\working protoype\\server\\vastai-proxy.js","statementMap":{"0":{"start":{"line":6,"column":0},"end":{"line":6,"column":27}},"1":{"start":{"line":9,"column":0},"end":{"line":13,"column":3}},"2":{"start":{"line":10,"column":4},"end":{"line":10,"column":60}},"3":{"start":{"line":11,"column":4},"end":{"line":11,"column":39}},"4":{"start":{"line":12,"column":4},"end":{"line":12,"column":53}},"5":{"start":{"line":15,"column":0},"end":{"line":19,"column":3}},"6":{"start":{"line":16,"column":4},"end":{"line":16,"column":50}},"7":{"start":{"line":17,"column":4},"end":{"line":17,"column":41}},"8":{"start":{"line":18,"column":4},"end":{"line":18,"column":53}},"9":{"start":{"line":21,"column":0},"end":{"line":23,"column":3}},"10":{"start":{"line":22,"column":4},"end":{"line":22,"column":64}},"11":{"start":{"line":25,"column":0},"end":{"line":27,"column":3}},"12":{"start":{"line":26,"column":4},"end":{"line":26,"column":55}},"13":{"start":{"line":29,"column":16},"end":{"line":29,"column":34}},"14":{"start":{"line":30,"column":13},"end":{"line":30,"column":28}},"15":{"start":{"line":31,"column":19},"end":{"line":31,"column":41}},"16":{"start":{"line":32,"column":14},"end":{"line":32,"column":35}},"17":{"start":{"line":33,"column":13},"end":{"line":33,"column":28}},"18":{"start":{"line":35,"column":0},"end":{"line":35,"column":75}},"19":{"start":{"line":35,"column":6},"end":{"line":35,"column":33}},"20":{"start":{"line":36,"column":11},"end":{"line":36,"column":24}},"21":{"start":{"line":37,"column":12},"end":{"line":37,"column":26}},"22":{"start":{"line":40,"column":24},"end":{"line":43,"column":1}},"23":{"start":{"line":45,"column":20},"end":{"line":45,"column":76}},"24":{"start":{"line":45,"column":54},"end":{"line":45,"column":75}},"25":{"start":{"line":46,"column":0},"end":{"line":52,"column":1}},"26":{"start":{"line":47,"column":4},"end":{"line":47,"column":68}},"27":{"start":{"line":48,"column":4},"end":{"line":48,"column":68}},"28":{"start":{"line":48,"column":35},"end":{"line":48,"column":66}},"29":{"start":{"line":49,"column":4},"end":{"line":49,"column":78}},"30":{"start":{"line":50,"column":4},"end":{"line":50,"column":95}},"31":{"start":{"line":51,"column":4},"end":{"line":51,"column":20}},"32":{"start":{"line":55,"column":24},"end":{"line":55,"column":77}},"33":{"start":{"line":56,"column":27},"end":{"line":56,"column":83}},"34":{"start":{"line":56,"column":61},"end":{"line":56,"column":82}},"35":{"start":{"line":57,"column":0},"end":{"line":61,"column":1}},"36":{"start":{"line":58,"column":4},"end":{"line":58,"column":75}},"37":{"start":{"line":59,"column":4},"end":{"line":59,"column":74}},"38":{"start":{"line":59,"column":42},"end":{"line":59,"column":72}},"39":{"start":{"line":60,"column":4},"end":{"line":60,"column":74}},"40":{"start":{"line":66,"column":25},"end":{"line":66,"column":73}},"41":{"start":{"line":67,"column":24},"end":{"line":67,"column":106}},"42":{"start":{"line":70,"column":4},"end":{"line":87,"column":5}},"43":{"start":{"line":72,"column":27},"end":{"line":72,"column":62}},"44":{"start":{"line":73,"column":8},"end":{"line":84,"column":9}},"45":{"start":{"line":74,"column":12},"end":{"line":74,"column":29}},"46":{"start":{"line":74,"column":20},"end":{"line":74,"column":29}},"47":{"start":{"line":75,"column":12},"end":{"line":83,"column":13}},"48":{"start":{"line":76,"column":28},"end":{"line":76,"column":54}},"49":{"start":{"line":77,"column":28},"end":{"line":77,"column":51}},"50":{"start":{"line":78,"column":16},"end":{"line":78,"column":102}},"51":{"start":{"line":78,"column":32},"end":{"line":78,"column":102}},"52":{"start":{"line":79,"column":16},"end":{"line":79,"column":126}},"53":{"start":{"line":79,"column":37},"end":{"line":79,"column":126}},"54":{"start":{"line":80,"column":16},"end":{"line":80,"column":102}},"55":{"start":{"line":80,"column":33},"end":{"line":80,"column":102}},"56":{"start":{"line":81,"column":16},"end":{"line":81,"column":64}},"57":{"start":{"line":82,"column":16},"end":{"line":82,"column":22}},"58":{"start":{"line":86,"column":8},"end":{"line":86,"column":90}},"59":{"start":{"line":89,"column":0},"end":{"line":89,"column":23}},"60":{"start":{"line":91,"column":12},"end":{"line":91,"column":21}},"61":{"start":{"line":92,"column":13},"end":{"line":92,"column":37}},"62":{"start":{"line":95,"column":0},"end":{"line":105,"column":3}},"63":{"start":{"line":96,"column":4},"end":{"line":103,"column":32}},"64":{"start":{"line":97,"column":8},"end":{"line":99,"column":9}},"65":{"start":{"line":98,"column":12},"end":{"line":98,"column":72}},"66":{"start":{"line":100,"column":8},"end":{"line":102,"column":9}},"67":{"start":{"line":101,"column":12},"end":{"line":101,"column":58}},"68":{"start":{"line":104,"column":4},"end":{"line":104,"column":11}},"69":{"start":{"line":108,"column":23},"end":{"line":108,"column":88}},"70":{"start":{"line":109,"column":30},"end":{"line":109,"column":71}},"71":{"start":{"line":110,"column":22},"end":{"line":110,"column":55}},"72":{"start":{"line":113,"column":0},"end":{"line":125,"column":1}},"73":{"start":{"line":114,"column":4},"end":{"line":117,"column":5}},"74":{"start":{"line":115,"column":8},"end":{"line":115,"column":127}},"75":{"start":{"line":116,"column":8},"end":{"line":116,"column":24}},"76":{"start":{"line":118,"column":4},"end":{"line":121,"column":5}},"77":{"start":{"line":119,"column":8},"end":{"line":119,"column":104}},"78":{"start":{"line":120,"column":8},"end":{"line":120,"column":24}},"79":{"start":{"line":123,"column":4},"end":{"line":123,"column":120}},"80":{"start":{"line":123,"column":25},"end":{"line":123,"column":120}},"81":{"start":{"line":124,"column":4},"end":{"line":124,"column":111}},"82":{"start":{"line":124,"column":36},"end":{"line":124,"column":111}},"83":{"start":{"line":128,"column":0},"end":{"line":128,"column":95}},"84":{"start":{"line":128,"column":51},"end":{"line":128,"column":95}},"85":{"start":{"line":129,"column":0},"end":{"line":129,"column":97}},"86":{"start":{"line":129,"column":52},"end":{"line":129,"column":97}},"87":{"start":{"line":130,"column":0},"end":{"line":130,"column":123}},"88":{"start":{"line":130,"column":65},"end":{"line":130,"column":123}},"89":{"start":{"line":131,"column":0},"end":{"line":131,"column":91}},"90":{"start":{"line":131,"column":49},"end":{"line":131,"column":91}},"91":{"start":{"line":133,"column":18},"end":{"line":133,"column":50}},"92":{"start":{"line":135,"column":0},"end":{"line":135,"column":16}},"93":{"start":{"line":136,"column":0},"end":{"line":136,"column":44}},"94":{"start":{"line":137,"column":0},"end":{"line":137,"column":51}},"95":{"start":{"line":140,"column":0},"end":{"line":140,"column":52}},"96":{"start":{"line":145,"column":4},"end":{"line":147,"column":5}},"97":{"start":{"line":146,"column":8},"end":{"line":146,"column":129}},"98":{"start":{"line":149,"column":16},"end":{"line":149,"column":81}},"99":{"start":{"line":150,"column":4},"end":{"line":152,"column":5}},"100":{"start":{"line":151,"column":8},"end":{"line":151,"column":102}},"101":{"start":{"line":153,"column":4},"end":{"line":153,"column":11}},"102":{"start":{"line":156,"column":17},"end":{"line":156,"column":39}},"103":{"start":{"line":157,"column":14},"end":{"line":157,"column":32}},"104":{"start":{"line":159,"column":0},"end":{"line":163,"column":3}},"105":{"start":{"line":160,"column":17},"end":{"line":160,"column":37}},"106":{"start":{"line":161,"column":19},"end":{"line":161,"column":91}},"107":{"start":{"line":162,"column":4},"end":{"line":162,"column":216}},"108":{"start":{"line":166,"column":0},"end":{"line":172,"column":3}},"109":{"start":{"line":167,"column":4},"end":{"line":171,"column":5}},"110":{"start":{"line":168,"column":8},"end":{"line":168,"column":39}},"111":{"start":{"line":170,"column":8},"end":{"line":170,"column":51}},"112":{"start":{"line":175,"column":0},"end":{"line":225,"column":3}},"113":{"start":{"line":176,"column":4},"end":{"line":224,"column":5}},"114":{"start":{"line":177,"column":21},"end":{"line":177,"column":41}},"115":{"start":{"line":178,"column":25},"end":{"line":178,"column":38}},"116":{"start":{"line":180,"column":21},"end":{"line":180,"column":34}},"117":{"start":{"line":181,"column":22},"end":{"line":181,"column":49}},"118":{"start":{"line":182,"column":26},"end":{"line":182,"column":31}},"119":{"start":{"line":183,"column":25},"end":{"line":183,"column":29}},"120":{"start":{"line":184,"column":33},"end":{"line":184,"column":37}},"121":{"start":{"line":186,"column":8},"end":{"line":208,"column":9}},"122":{"start":{"line":187,"column":12},"end":{"line":187,"column":34}},"123":{"start":{"line":188,"column":12},"end":{"line":188,"column":55}},"124":{"start":{"line":189,"column":12},"end":{"line":189,"column":31}},"125":{"start":{"line":190,"column":12},"end":{"line":190,"column":47}},"126":{"start":{"line":191,"column":15},"end":{"line":208,"column":9}},"127":{"start":{"line":192,"column":12},"end":{"line":207,"column":13}},"128":{"start":{"line":193,"column":16},"end":{"line":193,"column":33}},"129":{"start":{"line":194,"column":16},"end":{"line":194,"column":65}},"130":{"start":{"line":195,"column":16},"end":{"line":195,"column":35}},"131":{"start":{"line":196,"column":16},"end":{"line":196,"column":35}},"132":{"start":{"line":197,"column":19},"end":{"line":207,"column":13}},"133":{"start":{"line":198,"column":16},"end":{"line":198,"column":36}},"134":{"start":{"line":199,"column":16},"end":{"line":199,"column":56}},"135":{"start":{"line":200,"column":16},"end":{"line":200,"column":35}},"136":{"start":{"line":201,"column":16},"end":{"line":201,"column":51}},"137":{"start":{"line":202,"column":19},"end":{"line":207,"column":13}},"138":{"start":{"line":203,"column":16},"end":{"line":203,"column":40}},"139":{"start":{"line":204,"column":16},"end":{"line":204,"column":65}},"140":{"start":{"line":205,"column":16},"end":{"line":205,"column":35}},"141":{"start":{"line":206,"column":16},"end":{"line":206,"column":51}},"142":{"start":{"line":210,"column":8},"end":{"line":221,"column":11}},"143":{"start":{"line":223,"column":8},"end":{"line":223,"column":51}},"144":{"start":{"line":228,"column":22},"end":{"line":228,"column":55}},"145":{"start":{"line":229,"column":32},"end":{"line":229,"column":120}},"146":{"start":{"line":231,"column":0},"end":{"line":243,"column":1}},"147":{"start":{"line":232,"column":4},"end":{"line":237,"column":5}},"148":{"start":{"line":233,"column":8},"end":{"line":233,"column":181}},"149":{"start":{"line":234,"column":8},"end":{"line":234,"column":24}},"150":{"start":{"line":236,"column":8},"end":{"line":236,"column":143}},"151":{"start":{"line":239,"column":4},"end":{"line":242,"column":5}},"152":{"start":{"line":240,"column":8},"end":{"line":240,"column":169}},"153":{"start":{"line":241,"column":8},"end":{"line":241,"column":24}},"154":{"start":{"line":246,"column":16},"end":{"line":246,"column":98}},"155":{"start":{"line":247,"column":4},"end":{"line":249,"column":5}},"156":{"start":{"line":248,"column":8},"end":{"line":248,"column":108}},"157":{"start":{"line":250,"column":4},"end":{"line":253,"column":5}},"158":{"start":{"line":251,"column":8},"end":{"line":251,"column":56}},"159":{"start":{"line":251,"column":14},"end":{"line":251,"column":41}},"160":{"start":{"line":252,"column":8},"end":{"line":252,"column":80}},"161":{"start":{"line":254,"column":4},"end":{"line":254,"column":51}},"162":{"start":{"line":254,"column":10},"end":{"line":254,"column":36}},"163":{"start":{"line":255,"column":4},"end":{"line":255,"column":11}},"164":{"start":{"line":260,"column":4},"end":{"line":265,"column":5}},"165":{"start":{"line":261,"column":19},"end":{"line":261,"column":75}},"166":{"start":{"line":262,"column":8},"end":{"line":262,"column":186}},"167":{"start":{"line":264,"column":8},"end":{"line":264,"column":50}},"168":{"start":{"line":270,"column":4},"end":{"line":276,"column":6}},"169":{"start":{"line":279,"column":0},"end":{"line":293,"column":3}},"170":{"start":{"line":281,"column":16},"end":{"line":281,"column":64}},"171":{"start":{"line":282,"column":4},"end":{"line":285,"column":5}},"172":{"start":{"line":283,"column":8},"end":{"line":283,"column":35}},"173":{"start":{"line":284,"column":8},"end":{"line":284,"column":80}},"174":{"start":{"line":286,"column":4},"end":{"line":286,"column":30}},"175":{"start":{"line":287,"column":4},"end":{"line":292,"column":5}},"176":{"start":{"line":288,"column":23},"end":{"line":288,"column":43}},"177":{"start":{"line":289,"column":8},"end":{"line":289,"column":41}},"178":{"start":{"line":291,"column":8},"end":{"line":291,"column":51}},"179":{"start":{"line":296,"column":0},"end":{"line":309,"column":3}},"180":{"start":{"line":297,"column":16},"end":{"line":297,"column":64}},"181":{"start":{"line":298,"column":4},"end":{"line":301,"column":5}},"182":{"start":{"line":299,"column":8},"end":{"line":299,"column":35}},"183":{"start":{"line":300,"column":8},"end":{"line":300,"column":80}},"184":{"start":{"line":302,"column":4},"end":{"line":302,"column":30}},"185":{"start":{"line":303,"column":4},"end":{"line":308,"column":5}},"186":{"start":{"line":304,"column":23},"end":{"line":304,"column":43}},"187":{"start":{"line":305,"column":8},"end":{"line":305,"column":41}},"188":{"start":{"line":307,"column":8},"end":{"line":307,"column":51}},"189":{"start":{"line":311,"column":0},"end":{"line":337,"column":3}},"190":{"start":{"line":312,"column":16},"end":{"line":312,"column":64}},"191":{"start":{"line":313,"column":4},"end":{"line":316,"column":5}},"192":{"start":{"line":314,"column":8},"end":{"line":314,"column":35}},"193":{"start":{"line":315,"column":8},"end":{"line":315,"column":80}},"194":{"start":{"line":317,"column":4},"end":{"line":317,"column":30}},"195":{"start":{"line":318,"column":4},"end":{"line":336,"column":5}},"196":{"start":{"line":319,"column":42},"end":{"line":319,"column":56}},"197":{"start":{"line":320,"column":23},"end":{"line":320,"column":43}},"198":{"start":{"line":321,"column":21},"end":{"line":321,"column":27}},"199":{"start":{"line":322,"column":8},"end":{"line":324,"column":9}},"200":{"start":{"line":323,"column":12},"end":{"line":323,"column":64}},"201":{"start":{"line":325,"column":8},"end":{"line":327,"column":9}},"202":{"start":{"line":326,"column":12},"end":{"line":326,"column":60}},"203":{"start":{"line":329,"column":8},"end":{"line":331,"column":61}},"204":{"start":{"line":330,"column":12},"end":{"line":330,"column":213}},"205":{"start":{"line":331,"column":22},"end":{"line":331,"column":59}},"206":{"start":{"line":332,"column":8},"end":{"line":332,"column":25}},"207":{"start":{"line":334,"column":8},"end":{"line":334,"column":55}},"208":{"start":{"line":335,"column":8},"end":{"line":335,"column":51}},"209":{"start":{"line":340,"column":0},"end":{"line":352,"column":3}},"210":{"start":{"line":341,"column":16},"end":{"line":341,"column":64}},"211":{"start":{"line":342,"column":4},"end":{"line":344,"column":5}},"212":{"start":{"line":343,"column":8},"end":{"line":343,"column":60}},"213":{"start":{"line":345,"column":4},"end":{"line":351,"column":5}},"214":{"start":{"line":346,"column":31},"end":{"line":346,"column":45}},"215":{"start":{"line":347,"column":23},"end":{"line":347,"column":59}},"216":{"start":{"line":348,"column":8},"end":{"line":348,"column":25}},"217":{"start":{"line":350,"column":8},"end":{"line":350,"column":51}},"218":{"start":{"line":355,"column":0},"end":{"line":372,"column":3}},"219":{"start":{"line":356,"column":16},"end":{"line":356,"column":64}},"220":{"start":{"line":357,"column":4},"end":{"line":359,"column":5}},"221":{"start":{"line":358,"column":8},"end":{"line":358,"column":60}},"222":{"start":{"line":360,"column":4},"end":{"line":371,"column":5}},"223":{"start":{"line":362,"column":8},"end":{"line":368,"column":9}},"224":{"start":{"line":363,"column":12},"end":{"line":363,"column":28}},"225":{"start":{"line":364,"column":27},"end":{"line":364,"column":47}},"226":{"start":{"line":365,"column":12},"end":{"line":365,"column":107}},"227":{"start":{"line":367,"column":12},"end":{"line":367,"column":75}},"228":{"start":{"line":370,"column":8},"end":{"line":370,"column":53}},"229":{"start":{"line":375,"column":0},"end":{"line":415,"column":3}},"230":{"start":{"line":376,"column":16},"end":{"line":376,"column":64}},"231":{"start":{"line":377,"column":4},"end":{"line":379,"column":5}},"232":{"start":{"line":378,"column":8},"end":{"line":378,"column":60}},"233":{"start":{"line":380,"column":4},"end":{"line":414,"column":5}},"234":{"start":{"line":381,"column":19},"end":{"line":381,"column":37}},"235":{"start":{"line":382,"column":8},"end":{"line":382,"column":96}},"236":{"start":{"line":385,"column":8},"end":{"line":387,"column":9}},"237":{"start":{"line":386,"column":12},"end":{"line":386,"column":34}},"238":{"start":{"line":390,"column":8},"end":{"line":399,"column":23}},"239":{"start":{"line":391,"column":12},"end":{"line":398,"column":15}},"240":{"start":{"line":402,"column":29},"end":{"line":402,"column":48}},"241":{"start":{"line":403,"column":8},"end":{"line":411,"column":11}},"242":{"start":{"line":413,"column":8},"end":{"line":413,"column":53}},"243":{"start":{"line":419,"column":0},"end":{"line":494,"column":3}},"244":{"start":{"line":420,"column":16},"end":{"line":420,"column":64}},"245":{"start":{"line":421,"column":4},"end":{"line":424,"column":5}},"246":{"start":{"line":422,"column":8},"end":{"line":422,"column":35}},"247":{"start":{"line":423,"column":8},"end":{"line":423,"column":80}},"248":{"start":{"line":425,"column":4},"end":{"line":425,"column":30}},"249":{"start":{"line":427,"column":4},"end":{"line":493,"column":5}},"250":{"start":{"line":428,"column":67},"end":{"line":428,"column":81}},"251":{"start":{"line":429,"column":21},"end":{"line":429,"column":41}},"252":{"start":{"line":430,"column":33},"end":{"line":430,"column":66}},"253":{"start":{"line":432,"column":8},"end":{"line":432,"column":137}},"254":{"start":{"line":435,"column":8},"end":{"line":449,"column":61}},"255":{"start":{"line":436,"column":12},"end":{"line":448,"column":15}},"256":{"start":{"line":449,"column":22},"end":{"line":449,"column":59}},"257":{"start":{"line":452,"column":8},"end":{"line":455,"column":9}},"258":{"start":{"line":453,"column":12},"end":{"line":453,"column":110}},"259":{"start":{"line":454,"column":12},"end":{"line":454,"column":55}},"260":{"start":{"line":458,"column":8},"end":{"line":464,"column":9}},"261":{"start":{"line":460,"column":12},"end":{"line":460,"column":46}},"262":{"start":{"line":461,"column":15},"end":{"line":464,"column":9}},"263":{"start":{"line":463,"column":12},"end":{"line":463,"column":47}},"264":{"start":{"line":467,"column":23},"end":{"line":467,"column":47}},"265":{"start":{"line":469,"column":8},"end":{"line":476,"column":11}},"266":{"start":{"line":478,"column":8},"end":{"line":478,"column":57}},"267":{"start":{"line":481,"column":8},"end":{"line":490,"column":75}},"268":{"start":{"line":482,"column":12},"end":{"line":489,"column":15}},"269":{"start":{"line":490,"column":29},"end":{"line":490,"column":73}},"270":{"start":{"line":492,"column":8},"end":{"line":492,"column":51}},"271":{"start":{"line":497,"column":0},"end":{"line":542,"column":3}},"272":{"start":{"line":498,"column":16},"end":{"line":498,"column":64}},"273":{"start":{"line":499,"column":4},"end":{"line":502,"column":5}},"274":{"start":{"line":500,"column":8},"end":{"line":500,"column":35}},"275":{"start":{"line":501,"column":8},"end":{"line":501,"column":80}},"276":{"start":{"line":503,"column":4},"end":{"line":503,"column":30}},"277":{"start":{"line":505,"column":18},"end":{"line":505,"column":62}},"278":{"start":{"line":506,"column":19},"end":{"line":506,"column":48}},"279":{"start":{"line":507,"column":18},"end":{"line":507,"column":33}},"280":{"start":{"line":508,"column":25},"end":{"line":508,"column":41}},"281":{"start":{"line":510,"column":15},"end":{"line":510,"column":33}},"282":{"start":{"line":511,"column":4},"end":{"line":541,"column":5}},"283":{"start":{"line":512,"column":22},"end":{"line":512,"column":24}},"284":{"start":{"line":513,"column":23},"end":{"line":513,"column":25}},"285":{"start":{"line":514,"column":8},"end":{"line":514,"column":65}},"286":{"start":{"line":514,"column":21},"end":{"line":514,"column":43}},"287":{"start":{"line":514,"column":44},"end":{"line":514,"column":63}},"288":{"start":{"line":515,"column":8},"end":{"line":515,"column":82}},"289":{"start":{"line":515,"column":28},"end":{"line":515,"column":53}},"290":{"start":{"line":515,"column":54},"end":{"line":515,"column":80}},"291":{"start":{"line":516,"column":28},"end":{"line":516,"column":80}},"292":{"start":{"line":518,"column":25},"end":{"line":518,"column":106}},"293":{"start":{"line":519,"column":21},"end":{"line":524,"column":39}},"294":{"start":{"line":526,"column":23},"end":{"line":530,"column":10}},"295":{"start":{"line":527,"column":26},"end":{"line":527,"column":30}},"296":{"start":{"line":528,"column":12},"end":{"line":528,"column":106}},"297":{"start":{"line":528,"column":18},"end":{"line":528,"column":69}},"298":{"start":{"line":528,"column":84},"end":{"line":528,"column":104}},"299":{"start":{"line":529,"column":12},"end":{"line":529,"column":155}},"300":{"start":{"line":533,"column":8},"end":{"line":535,"column":61}},"301":{"start":{"line":534,"column":12},"end":{"line":534,"column":230}},"302":{"start":{"line":535,"column":22},"end":{"line":535,"column":59}},"303":{"start":{"line":537,"column":8},"end":{"line":537,"column":69}},"304":{"start":{"line":539,"column":8},"end":{"line":539,"column":46}},"305":{"start":{"line":540,"column":8},"end":{"line":540,"column":51}},"306":{"start":{"line":546,"column":0},"end":{"line":595,"column":3}},"307":{"start":{"line":547,"column":16},"end":{"line":547,"column":64}},"308":{"start":{"line":548,"column":4},"end":{"line":550,"col
[...]
loc":{"start":{"line":259,"column":47},"end":{"line":259,"column":66}},"type":"binary-expr","locations":[{"start":{"line":259,"column":47},"end":{"line":259,"column":60}},{"start":{"line":259,"column":64},"end":{"line":259,"column":66}}],"line":259},"44":{"loc":{"start":{"line":285,"column":4},"end":{"line":298,"column":5}},"type":"if","locations":[{"start":{"line":285,"column":4},"end":{"line":298,"column":5}},{"start":{},"end":{}}],"line":285},"45":{"loc":{"start":{"line":285,"column":8},"end":{"line":285,"column":36}},"type":"binary-expr","locations":[{"start":{"line":285,"column":8},"end":{"line":285,"column":13}},{"start":{"line":285,"column":17},"end":{"line":285,"column":36}}],"line":285},"46":{"loc":{"start":{"line":289,"column":29},"end":{"line":289,"column":72}},"type":"binary-expr","locations":[{"start":{"line":289,"column":29},"end":{"line":289,"column":64}},{"start":{"line":289,"column":68},"end":{"line":289,"column":72}}],"line":289},"47":{"loc":{"start":{"line":305,"column":25},"end":{"line":305,"column":62}},"type":"binary-expr","locations":[{"start":{"line":305,"column":25},"end":{"line":305,"column":52}},{"start":{"line":305,"column":56},"end":{"line":305,"column":62}}],"line":305},"48":{"loc":{"start":{"line":310,"column":2},"end":{"line":321,"column":3}},"type":"if","locations":[{"start":{"line":310,"column":2},"end":{"line":321,"column":3}},{"start":{"line":312,"column":9},"end":{"line":321,"column":3}}],"line":310},"49":{"loc":{"start":{"line":312,"column":9},"end":{"line":321,"column":3}},"type":"if","locations":[{"start":{"line":312,"column":9},"end":{"line":321,"column":3}},{"start":{"line":314,"column":9},"end":{"line":321,"column":3}}],"line":312},"50":{"loc":{"start":{"line":312,"column":13},"end":{"line":312,"column":74}},"type":"binary-expr","locations":[{"start":{"line":312,"column":13},"end":{"line":312,"column":42}},{"start":{"line":312,"column":46},"end":{"line":312,"column":74}}],"line":312},"51":{"loc":{"start":{"line":314,"column":9},"end":{"line":321,"column":3}},"type":"if","locations":[{"start":{"line":314,"column":9},"end":{"line":321,"column":3}},{"start":{"line":316,"column":9},"end":{"line":321,"column":3}}],"line":314},"52":{"loc":{"start":{"line":314,"column":13},"end":{"line":314,"column":80}},"type":"binary-expr","locations":[{"start":{"line":314,"column":13},"end":{"line":314,"column":41}},{"start":{"line":314,"column":45},"end":{"line":314,"column":80}}],"line":314},"53":{"loc":{"start":{"line":316,"column":9},"end":{"line":321,"column":3}},"type":"if","locations":[{"start":{"line":316,"column":9},"end":{"line":321,"column":3}},{"start":{"line":318,"column":9},"end":{"line":321,"column":3}}],"line":316},"54":{"loc":{"start":{"line":324,"column":2},"end":{"line":329,"column":3}},"type":"if","locations":[{"start":{"line":324,"column":2},"end":{"line":329,"column":3}},{"start":{},"end":{}}],"line":324},"55":{"loc":{"start":{"line":327,"column":79},"end":{"line":327,"column":109}},"type":"cond-expr","locations":[{"start":{"line":327,"column":96},"end":{"line":327,"column":105}},{"start":{"line":327,"column":108},"end":{"line":327,"column":109}}],"line":327},"56":{"loc":{"start":{"line":327,"column":79},"end":{"line":327,"column":93}},"type":"binary-expr","locations":[{"start":{"line":327,"column":79},"end":{"line":327,"column":80}},{"start":{"line":327,"column":84},"end":{"line":327,"column":93}}],"line":327},"57":{"loc":{"start":{"line":357,"column":44},"end":{"line":357,"column":65}},"type":"default-arg","locations":[{"start":{"line":357,"column":61},"end":{"line":357,"column":65}}],"line":357},"58":{"loc":{"start":{"line":370,"column":14},"end":{"line":370,"column":38}},"type":"binary-expr","locations":[{"start":{"line":370,"column":14},"end":{"line":370,"column":30}},{"start":{"line":370,"column":34},"end":{"line":370,"column":38}}],"line":370},"59":{"loc":{"start":{"line":371,"column":18},"end":{"line":371,"column":45}},"type":"binary-expr","locations":[{"start":{"line":371,"column":18},"end":{"line":371,"column":38}},{"start":{"line":371,"column":42},"end":{"line":371,"column":45}}],"line":371},"60":{"loc":{"start":{"line":375,"column":17},"end":{"line":377,"column":16}},"type":"cond-expr","locations":[{"start":{"line":376,"column":6},"end":{"line":376,"column":69}},{"start":{"line":377,"column":6},"end":{"line":377,"column":16}}],"line":375},"61":{"loc":{"start":{"line":380,"column":19},"end":{"line":380,"column":51}},"type":"binary-expr","locations":[{"start":{"line":380,"column":19},"end":{"line":380,"column":43}},{"start":{"line":380,"column":47},"end":{"line":380,"column":51}}],"line":380},"62":{"loc":{"start":{"line":395,"column":14},"end":{"line":397,"column":40}},"type":"cond-expr","locations":[{"start":{"line":396,"column":6},"end":{"line":396,"column":52}},{"start":{"line":397,"column":6},"end":{"line":397,"column":40}}],"line":395},"63":{"loc":{"start":{"line":408,"column":2},"end":{"line":411,"column":3}},"type":"if","locations":[{"start":{"line":408,"column":2},"end":{"line":411,"column":3}},{"start":{},"end":{}}],"line":408},"64":{"loc":{"start":{"line":420,"column":22},"end":{"line":420,"column":57}},"type":"cond-expr","locations":[{"start":{"line":420,"column":49},"end":{"line":420,"column":52}},{"start":{"line":420,"column":55},"end":{"line":420,"column":57}}],"line":420},"65":{"loc":{"start":{"line":427,"column":18},"end":{"line":429,"column":57}},"type":"cond-expr","locations":[{"start":{"line":428,"column":10},"end":{"line":428,"column":69}},{"start":{"line":429,"column":10},"end":{"line":429,"column":57}}],"line":427},"66":{"loc":{"start":{"line":432,"column":6},"end":{"line":432,"column":33}},"type":"if","locations":[{"start":{"line":432,"column":6},"end":{"line":432,"column":33}},{"start":{},"end":{}}],"line":432},"67":{"loc":{"start":{"line":436,"column":6},"end":{"line":436,"column":39}},"type":"if","locations":[{"start":{"line":436,"column":6},"end":{"line":436,"column":39}},{"start":{},"end":{}}],"line":436},"68":{"loc":{"start":{"line":441,"column":6},"end":{"line":469,"column":7}},"type":"if","locations":[{"start":{"line":441,"column":6},"end":{"line":469,"column":7}},{"start":{},"end":{}}],"line":441},"69":{"loc":{"start":{"line":445,"column":8},"end":{"line":455,"column":9}},"type":"if","locations":[{"start":{"line":445,"column":8},"end":{"line":455,"column":9}},{"start":{},"end":{}}],"line":445},"70":{"loc":{"start":{"line":446,"column":61},"end":{"line":446,"column":88}},"type":"binary-expr","locations":[{"start":{"line":446,"column":61},"end":{"line":446,"column":67}},{"start":{"line":446,"column":71},"end":{"line":446,"column":88}}],"line":446},"71":{"loc":{"start":{"line":447,"column":10},"end":{"line":454,"column":11}},"type":"if","locations":[{"start":{"line":447,"column":10},"end":{"line":454,"column":11}},{"start":{},"end":{}}],"line":447},"72":{"loc":{"start":{"line":447,"column":14},"end":{"line":447,"column":44}},"type":"binary-expr","locations":[{"start":{"line":447,"column":14},"end":{"line":447,"column":23}},{"start":{"line":447,"column":27},"end":{"line":447,"column":44}}],"line":447},"73":{"loc":{"start":{"line":451,"column":25},"end":{"line":451,"column":58}},"type":"binary-expr","locations":[{"start":{"line":451,"column":25},"end":{"line":451,"column":52}},{"start":{"line":451,"column":56},"end":{"line":451,"column":58}}],"line":451},"74":{"loc":{"start":{"line":452,"column":24},"end":{"line":452,"column":58}},"type":"binary-expr","locations":[{"start":{"line":452,"column":24},"end":{"line":452,"column":46}},{"start":{"line":452,"column":50},"end":{"line":452,"column":58}}],"line":452},"75":{"loc":{"start":{"line":458,"column":59},"end":{"line":458,"column":90}},"type":"binary-expr","locations":[{"start":{"line":458,"column":59},"end":{"line":458,"column":67}},{"start":{"line":458,"column":71},"end":{"line":458,"column":90}}],"line":458},"76":{"loc":{"start":{"line":459,"column":8},"end":{"line":466,"column":9}},"type":"if","locations":[{"start":{"line":459,"column":8},"end":{"line":466,"column":9}},{"start":{},"end":{}}],"line":459},"77":{"loc":{"start":{"line":459,"column":12},"end":{"line":459,"column":44}},"type":"binary-expr","locations":[{"start":{"line":459,"column":12},"end":{"line":459,"column":21}},{"start":{"line":459,"column":25},"end":{"line":459,"column":44}}],"line":459},"78":{"loc":{"start":{"line":463,"column":23},"end":{"line":463,"column":58}},"type":"binary-expr","locations":[{"start":{"line":463,"column":23},"end":{"line":463,"column":52}},{"start":{"line":463,"column":56},"end":{"line":463,"column":58}}],"line":463},"79":{"loc":{"start":{"line":464,"column":22},"end":{"line":464,"column":58}},"type":"binary-expr","locations":[{"start":{"line":464,"column":22},"end":{"line":464,"column":46}},{"start":{"line":464,"column":50},"end":{"line":464,"column":58}}],"line":464},"80":{"loc":{"start":{"line":472,"column":6},"end":{"line":474,"column":7}},"type":"if","locations":[{"start":{"line":472,"column":6},"end":{"line":474,"column":7}},{"start":{},"end":{}}],"line":472},"81":{"loc":{"start":{"line":473,"column":24},"end":{"line":473,"column":76}},"type":"binary-expr","locations":[{"start":{"line":473,"column":24},"end":{"line":473,"column":46}},{"start":{"line":473,"column":50},"end":{"line":473,"column":76}}],"line":473},"82":{"loc":{"start":{"line":477,"column":6},"end":{"line":477,"column":45}},"type":"if","locations":[{"start":{"line":477,"column":6},"end":{"line":477,"column":45}},{"start":{},"end":{}}],"line":477},"83":{"loc":{"start":{"line":497,"column":14},"end":{"line":499,"column":48}},"type":"cond-expr","locations":[{"start":{"line":498,"column":6},"end":{"line":498,"column":60}},{"start":{"line":499,"column":6},"end":{"line":499,"column":48}}],"line":497},"84":{"loc":{"start":{"line":503,"column":2},"end":{"line":505,"column":3}},"type":"if","locations":[{"start":{"line":503,"column":2},"end":{"line":505,"column":3}},{"start":{},"end":{}}],"line":503},"85":{"loc":{"start":{"line":510,"column":20},"end":{"line":510,"column":60}},"type":"cond-expr","locations":[{"start":{"line":510,"column":47},"end":{"line":510,"column":52}},{"start":{"line":510,"column":55},"end":{"line":510,"column":60}}],"line":510},"86":{"loc":{"start":{"line":512,"column":2},"end":{"line":514,"column":3}},"type":"if","locations":[{"start":{"line":512,"column":2},"end":{"line":514,"column":3}},{"start":{},"end":{}}],"line":512},"87":{"loc":{"start":{"line":532,"column":2},"end":{"line":532,"column":45}},"type":"if","locations":[{"start":{"line":532,"column":2},"end":{"line":532,"column":45}},{"start":{},"end":{}}],"line":532},"88":{"loc":{"start":{"line":533,"column":2},"end":{"line":533,"column":40}},"type":"if","locations":[{"start":{"line":533,"column":2},"end":{"line":533,"column":40}},{"start":{},"end":{}}],"line":533},"89":{"loc":{"start":{"line":534,"column":2},"end":{"line":538,"column":3}},"type":"if","locations":[{"start":{"line":534,"column":2},"end":{"line":538,"column":3}},{"start":{},"end":{}}],"line":534},"90":{"loc":{"start":{"line":536,"column":4},"end":{"line":536,"column":41}},"type":"if","locations":[{"start":{"line":536,"column":4},"end":{"line":536,"column":41}},{"start":{},"end":{}}],"line":536},"91":{"loc":{"start":{"line":546,"column":2},"end":{"line":546,"column":56}},"type":"if","locations":[{"start":{"line":546,"column":2},"end":{"line":546,"column":56}},{"start":{},"end":{}}],"line":546},"92":{"loc":{"start":{"line":546,"column":6},"end":{"line":546,"column":42}},"type":"binary-expr","locations":[{"start":{"line":546,"column":6},"end":{"line":546,"column":21}},{"start":{"line":546,"column":25},"end":{"line":546,"column":42}}],"line":546}},"s":{"0":3,"1":3,"2":3,"3":3,"4":3,"5":3,"6":3,"7":3,"8":47,"9":47,"10":47,"11":3,"12":44,"13":44,"14":44,"15":43,"16":43,"17":2,"18":0,"19":0,"20":41,"21":43,"22":1,"23":1,"24":99,"25":99,"26":99,"27":2,"28":97,"29":97,"30":0,"31":0,"32":0,"33":0,"34":0,"35":97,"36":3,"37":97,"38":2,"39":2,"40":2,"41":2,"42":2,"43":2,"44":2,"45":2,"46":0,"47":2,"48":2,"49":2,"50":2,"51":2,"52":2,"53":2,"54":2,"55":0,"56":0,"57":0,"58":0,"59":0,"60":0,"61":0,"62":0,"63":0,"64":0,"65":0,"66":0,"67":0,"68":0,"69":0,"70":0,"71":0,"72":0,"73":0,"74":0,"75":2,"76":2,"77":2,"78":2,"79":2,"80":2,"81":2,"82":0,"83":0,"84":0,"85":0,"86":0,"87":0,"88":0,"89":0,"90":0,"91":0,"92":0,"93":0,"94":0,"95":0,"96":0,"97":0,"98":0,"99":0,"100":0,"101":0,"102":3,"103":2,"104":2,"105":2,"106":2,"107":2,"108":2,"109":2,"110":0,"111":0,"112":2,"113":2,"114":2,"115":2,"116":2,"117":11,"118":9,"119":9,"120":9,"121":1,"122":0,"123":1,"124":1,"125":0,"126":1,"127":1,"128":1,"129":1,"130":0,"131":0,"132":0,"133":0,"134":1,"135":1,"136":1,"137":0,"138":1,"139":0,"140":0,"141":9,"142":0,"143":9,"144":0,"145":0,"146":0,"147":0,"148":0,"149":0,"150":0,"151":0,"152":0,"153":0,"154":0,"155":0,"156":0,"157":0,"158":0,"159":0,"160":97,"161":3,"162":94,"163":2,"164":92,"165":89,"166":86,"167":3,"168":3,"169":0,"170":0,"171":0,"172":0,"173":0,"174":47,"175":11,"176":11,"177":3},"f":{"0":47,"1":0,"2":99,"3":2,"4":2,"5":0,"6":2,"7":2,"8":2,"9":0,"10":1,"11":0,"12":97,"13":0,"14":47,"15":11,"16":11},"b":{"0":[2],"1":[47],"2":[47],"3":[3,44],"4":[47,45],"5":[44,41],"6":[44,41],"7":[44,42],"8":[0,44],"9":[44,44],"10":[44,42],"11":[44,42],"12":[44,42],"13":[44,41],"14":[44,41],"15":[44,42],"16":[44,42],"17":[5,39],"18":[5,1],"19":[5,39],"20":[5,1],"21":[44,44],"22":[44,44],"23":[2,41],"24":[43,43],"25":[5,38],"26":[2,97],"27":[0,97],"28":[97,2],"29":[0,0],"30":[3,94],"31":[2,0],"32":[2,0],"33":[0,2],"34":[0,0],"35":[0,0],"36":[0,0],"37":[0,0],"38":[0,0],"39":[0,0],"40":[0,0],"41":[0,0],"42":[0,0,0],"43":[0,0],"44":[2,0],"45":[2,2],"46":[2,2],"47":[0,0],"48":[0,0],"49":[0,0],"50":[0,0],"51":[0,0],"52":[0,0],"53":[0,0],"54":[0,0],"55":[0,0],"56":[0,0],"57":[0],"58":[2,2],"59":[2,0],"60":[1,1],"61":[2,2],"62":[2,0],"63":[0,2],"64":[1,1],"65":[9,0],"66":[0,1],"67":[0,1],"68":[1,0],"69":[0,1],"70":[0,0],"71":[0,0],"72":[0,0],"73":[0,0],"74":[0,0],"75":[1,0],"76":[0,1],"77":[1,0],"78":[0,0],"79":[0,0],"80":[0,0],"81":[0,0],"82":[0,9],"83":[0,0],"84":[0,0],"85":[0,0],"86":[0,0],"87":[3,94],"88":[2,92],"89":[89,3],"90":[86,3],"91":[0,0],"92":[0,0]},"_coverageSchema":"1a1c01bbd47fc00a2c39e90264f33305004495a9","hash":"a1c76941063fd45b73c4ccbc768fe9e8639f4e07","contentHash":"be6636c5dba282873b2952c7684a0fc4a1490c3d669a701cd215a4f0620aa78f"},"C:\\Users\\samsc\\OneDrive\\Desktop\\working protoype\\server\\errors.js":{"path":"C:\\Users\\samsc\\OneDrive\\Desktop\\working protoype\\server\\errors.js","statementMap":{"0":{"start":{"line":6,"column":19},"end":{"line":15,"column":1}},"1":{"start":{"line":22,"column":4},"end":{"line":22,"column":19}},"2":{"start":{"line":23,"column":4},"end":{"line":23,"column":34}},"3":{"start":{"line":24,"column":4},"end":{"line":24,"column":21}},"4":{"start":{"line":25,"column":4},"end":{"line":25,"column":27}},"5":{"start":{"line":34,"column":4},"end":{"line":34,"column":48}},"6":{"start":{"line":43,"column":4},"end":{"line":43,"column":124}},"7":{"start":{"line":52,"column":4},"end":{"line":52,"column":100}},"8":{"start":{"line":61,"column":4},"end":{"line":61,"column":144}},"9":{"start":{"line":70,"column":4},"end":{"line":70,"column":65}},"10":{"start":{"line":80,"column":2},"end":{"line":80,"column":42}},"11":{"start":{"line":89,"column":2},"end":{"line":96,"column":3}},"12":{"start":{"line":90,"column":4},"end":{"line":95,"column":6}},"13":{"start":{"line":99,"column":2},"end":{"line":104,"column":4}},"14":{"start":{"line":107,"column":0},"end":{"line":117,"column":2}}},"fnMap":{"0":{"name":"(anonymous_0)","decl":{"start":{"line":21,"column":2},"end":{"line":21,"column":3}},"loc":{"start":{"line":21,"column":70},"end":{"line":26,"column":3}},"line":21},"1":{"name":"(anonymous_1)","decl":{"start":{"line":33,"column":2},"end":{"line":33,"column":3}},"loc":{"start":{"line":33,"column":69},"end":{"line":35,"column":3}},"line":33},"2":{"name":"(anonymous_2)","decl":{"start":{"line":42,"column":2},"end":{"line":42,"column":3}},"loc":{"start":{"line":42,"column":46},"end":{"line":44,"column":3}},"line":42},"3":{"name":"(anonymous_3)","decl":{"start":{"line":51,"column":2},"end":{"line":51,"column":3}},"loc":{"start":{"line":51,"column":40},"end":{"line":53,"column":3}},"line":51},"4":{"name":"(anonymous_4)","decl":{"start":{"line":60,"column":2},"end":{"line":60,"column":3}},"loc":{"start":{"line":60,"column":48},"end":{"line":62,"column":3}},"line":60},"5":{"name":"(anonymous_5)","decl":{"start":{"line":69,"column":2},"end":{"line":69,"column":3}},"loc":{"start":{"line":69,"column":37},"end":{"line":71,"column":3}},"line":69},"6":{"name":"isGenerationError","decl":{"start":{"line":79,"column":9},"end":{"line":79,"column":26}},"loc":{"start":{"line":79,"column":34},"end":{"line":81,"column":1}},"line":79},"7":{"name":"errorToResponse","decl":{"start":{"line":88,"column":9},"end":{"line":88,"column":24}},"loc":{"start":{"line":88,"column":32},"end":{"line":105,"column":1}},"line":88}},"branchMap":{"0":{"loc":{"start":{"line":21,"column":23},"end":{"line":21,"column":54}},"type":"default-arg","locations":[{"start":{"line":21,"column":30},"end":{"line":21,"column":54}}],"line":21},"1":{"loc":{"start":{"line":21,"column":56},"end":{"line":21,"column":68}},"type":"default-arg","locations":[{"start":{"line":21,"column":66},"end":{"line":21,"column":68}}],"line":21},"2":{"loc":{"start":{"line":33,"column":14},"end":{"line":33,"column":67}},"type":"default-arg","locations":[{"start":{"line":33,"column":24},"end":{"line":33,"column":67}}],"line":33},"3":{"loc":{"start":{"line":42,"column":30},"end":{"line":42,"column":44}},"type":"default-arg","locations":[{"start":{"line":42,"column":40},"end":{"line":42,"column":44}}],"line":42},"4":{"loc":{"start":{"line":43,"column":10},"end":{"line":43,"column":69}},"type":"binary-expr","locations":[{"start":{"line":43,"column":10},"end":{"line":43,"column":17}},{"start":{"line":43,"column":21},"end":{"line":43,"column":69}}],"line":43},"5":{"loc":{"start":{"line":51,"column":24},"end":{"line":51,"column":38}},"type":"default-arg","locations":[{"start":{"line":51,"column":34},"end":{"line":51,"column":38}}],"line":51},"6":{"loc":{"start":{"line":52,"column":10},"end":{"line":52,"column":57}},"type":"binary-expr","locations":[{"start":{"line":52,"column":10},"end":{"line":52,"column":17}},{"start":{"line":52,"column":21},"end":{"line":52,"column":57}}],"line":52},"7":{"loc":{"start":{"line":60,"column":32},"end":{"line":60,"column":46}},"type":"default-arg","locations":[{"start":{"line":60,"column":42},"end":{"line":60,"column":46}}],"line":60},"8":{"loc":{"start":{"line":61,"column":10},"end":{"line":61,"column":81}},"type":"binary-expr","locations":[{"start":{"line":61,"column":10},"end":{"line":61,"column":17}},{"start":{"line":61,"column":21},"end":{"line":61,"column":81}}],"line":61},"9":{"loc":{"start":{"line":69,"column":23},"end":{"line":69,"column":35}},"type":"default-arg","locations":[{"start":{"line":69,"column":33},"end":{"line":69,"column":35}}],"line":69},"10":{"loc":{"start":{"line":89,"column":2},"end":{"line":96,"column":3}},"type":"if","locations":[{"start":{"line":89,"column":2},"end":{"line":96,"column":3}},{"start":{},"end":{}}],"line":89},"11":{"loc":{"start":{"line":102,"column":13},"end":{"line":102,"column":57}},"type":"binary-expr","locations":[{"start":{"line":102,"column":13},"end":{"line":102,"column":26}},{"start":{"line":102,"column":30},"end":{"line":102,"column":57}}],"line":102}},"s":{"0":1,"1":0,"2":0,"3":0,"4":0,"5":0,"6":0,"7":0,"8":0,"9":0,"10":0,"11":0,"12":0,"13":0,"14":1},"f":{"0":0,"1":0,"2":0,"3":0,"4":0,"5":0,"6":0,"7":0},"b":{"0":[0],"1":[0],"2":[0],"3":[0],"4":[0,0],"5":[0],"6":[0,0],"7":[0],"8":[0,0],"9":[0],"10":[0,0],"11":[0,0]},"_coverageSchema":"1a1c01bbd47fc00a2c39e90264f33305004495a9","hash":"79927859fd2d4cff5218f0e869346c001d13a66d","contentHash":"20d29e779ff039c2cc40e1af52a882174175c6a0f2c3a740ffe217561738b470"}}